
*** Running vivado
    with args -log design_1_xadc_wiz_0_1.vds -m64 -product Vivado -mode batch -messageDb vivado.pb -notrace -source design_1_xadc_wiz_0_1.tcl


****** Vivado v2016.3 (64-bit)
  **** SW Build 1682563 on Mon Oct 10 19:07:26 MDT 2016
  **** IP Build 1681267 on Mon Oct 10 21:28:31 MDT 2016
    ** Copyright 1986-2016 Xilinx, Inc. All Rights Reserved.

source design_1_xadc_wiz_0_1.tcl -notrace
Starting RTL Elaboration : Time (s): cpu = 00:00:12 ; elapsed = 00:00:12 . Memory (MB): peak = 1100.832 ; gain = 188.301 ; free physical = 122 ; free virtual = 10027
INFO: [Synth 8-638] synthesizing module 'design_1_xadc_wiz_0_1' [/media/lite/DATA/E_Dissertation/HPRTU/projects/eLinuxPrj/Prj/2-4_XADC_MultiChannels_Decimation_DMA/xadc_pynq/xadc_pynq.srcs/sources_1/bd/design_1/ip/design_1_xadc_wiz_0_1/design_1_xadc_wiz_0_1.v:53]
INFO: [Synth 8-638] synthesizing module 'design_1_xadc_wiz_0_1_axi_xadc' [/media/lite/DATA/E_Dissertation/HPRTU/projects/eLinuxPrj/Prj/2-4_XADC_MultiChannels_Decimation_DMA/xadc_pynq/xadc_pynq.srcs/sources_1/bd/design_1/ip/design_1_xadc_wiz_0_1/design_1_xadc_wiz_0_1_axi_xadc.vhd:263]
INFO: [Synth 8-638] synthesizing module 'design_1_xadc_wiz_0_1_axi_lite_ipif' [/media/lite/DATA/E_Dissertation/HPRTU/projects/eLinuxPrj/Prj/2-4_XADC_MultiChannels_Decimation_DMA/xadc_pynq/xadc_pynq.srcs/sources_1/bd/design_1/ip/design_1_xadc_wiz_0_1/axi_lite_ipif_v1_01_a/hdl/src/vhdl/design_1_xadc_wiz_0_1_axi_lite_ipif.vhd:241]
INFO: [Synth 8-638] synthesizing module 'design_1_xadc_wiz_0_1_slave_attachment' [/media/lite/DATA/E_Dissertation/HPRTU/projects/eLinuxPrj/Prj/2-4_XADC_MultiChannels_Decimation_DMA/xadc_pynq/xadc_pynq.srcs/sources_1/bd/design_1/ip/design_1_xadc_wiz_0_1/axi_lite_ipif_v1_01_a/hdl/src/vhdl/design_1_xadc_wiz_0_1_slave_attachment.vhd:227]
INFO: [Synth 8-638] synthesizing module 'design_1_xadc_wiz_0_1_address_decoder' [/media/lite/DATA/E_Dissertation/HPRTU/projects/eLinuxPrj/Prj/2-4_XADC_MultiChannels_Decimation_DMA/xadc_pynq/xadc_pynq.srcs/sources_1/bd/design_1/ip/design_1_xadc_wiz_0_1/axi_lite_ipif_v1_01_a/hdl/src/vhdl/design_1_xadc_wiz_0_1_address_decoder.vhd:176]
INFO: [Synth 8-638] synthesizing module 'design_1_xadc_wiz_0_1_pselect_f' [/media/lite/DATA/E_Dissertation/HPRTU/projects/eLinuxPrj/Prj/2-4_XADC_MultiChannels_Decimation_DMA/xadc_pynq/xadc_pynq.srcs/sources_1/bd/design_1/ip/design_1_xadc_wiz_0_1/proc_common_v3_30_a/hdl/src/vhdl/design_1_xadc_wiz_0_1_pselect_f.vhd:167]
INFO: [Synth 8-256] done synthesizing module 'design_1_xadc_wiz_0_1_pselect_f' (1#1) [/media/lite/DATA/E_Dissertation/HPRTU/projects/eLinuxPrj/Prj/2-4_XADC_MultiChannels_Decimation_DMA/xadc_pynq/xadc_pynq.srcs/sources_1/bd/design_1/ip/design_1_xadc_wiz_0_1/proc_common_v3_30_a/hdl/src/vhdl/design_1_xadc_wiz_0_1_pselect_f.vhd:167]
INFO: [Synth 8-638] synthesizing module 'design_1_xadc_wiz_0_1_pselect_f__parameterized0' [/media/lite/DATA/E_Dissertation/HPRTU/projects/eLinuxPrj/Prj/2-4_XADC_MultiChannels_Decimation_DMA/xadc_pynq/xadc_pynq.srcs/sources_1/bd/design_1/ip/design_1_xadc_wiz_0_1/proc_common_v3_30_a/hdl/src/vhdl/design_1_xadc_wiz_0_1_pselect_f.vhd:167]
INFO: [Synth 8-256] done synthesizing module 'design_1_xadc_wiz_0_1_pselect_f__parameterized0' (1#1) [/media/lite/DATA/E_Dissertation/HPRTU/projects/eLinuxPrj/Prj/2-4_XADC_MultiChannels_Decimation_DMA/xadc_pynq/xadc_pynq.srcs/sources_1/bd/design_1/ip/design_1_xadc_wiz_0_1/proc_common_v3_30_a/hdl/src/vhdl/design_1_xadc_wiz_0_1_pselect_f.vhd:167]
INFO: [Synth 8-638] synthesizing module 'design_1_xadc_wiz_0_1_pselect_f__parameterized1' [/media/lite/DATA/E_Dissertation/HPRTU/projects/eLinuxPrj/Prj/2-4_XADC_MultiChannels_Decimation_DMA/xadc_pynq/xadc_pynq.srcs/sources_1/bd/design_1/ip/design_1_xadc_wiz_0_1/proc_common_v3_30_a/hdl/src/vhdl/design_1_xadc_wiz_0_1_pselect_f.vhd:167]
INFO: [Synth 8-256] done synthesizing module 'design_1_xadc_wiz_0_1_pselect_f__parameterized1' (1#1) [/media/lite/DATA/E_Dissertation/HPRTU/projects/eLinuxPrj/Prj/2-4_XADC_MultiChannels_Decimation_DMA/xadc_pynq/xadc_pynq.srcs/sources_1/bd/design_1/ip/design_1_xadc_wiz_0_1/proc_common_v3_30_a/hdl/src/vhdl/design_1_xadc_wiz_0_1_pselect_f.vhd:167]
INFO: [Synth 8-638] synthesizing module 'design_1_xadc_wiz_0_1_pselect_f__parameterized2' [/media/lite/DATA/E_Dissertation/HPRTU/projects/eLinuxPrj/Prj/2-4_XADC_MultiChannels_Decimation_DMA/xadc_pynq/xadc_pynq.srcs/sources_1/bd/design_1/ip/design_1_xadc_wiz_0_1/proc_common_v3_30_a/hdl/src/vhdl/design_1_xadc_wiz_0_1_pselect_f.vhd:167]
INFO: [Synth 8-256] done synthesizing module 'design_1_xadc_wiz_0_1_pselect_f__parameterized2' (1#1) [/media/lite/DATA/E_Dissertation/HPRTU/projects/eLinuxPrj/Prj/2-4_XADC_MultiChannels_Decimation_DMA/xadc_pynq/xadc_pynq.srcs/sources_1/bd/design_1/ip/design_1_xadc_wiz_0_1/proc_common_v3_30_a/hdl/src/vhdl/design_1_xadc_wiz_0_1_pselect_f.vhd:167]
INFO: [Synth 8-638] synthesizing module 'design_1_xadc_wiz_0_1_pselect_f__parameterized3' [/media/lite/DATA/E_Dissertation/HPRTU/projects/eLinuxPrj/Prj/2-4_XADC_MultiChannels_Decimation_DMA/xadc_pynq/xadc_pynq.srcs/sources_1/bd/design_1/ip/design_1_xadc_wiz_0_1/proc_common_v3_30_a/hdl/src/vhdl/design_1_xadc_wiz_0_1_pselect_f.vhd:167]
INFO: [Synth 8-256] done synthesizing module 'design_1_xadc_wiz_0_1_pselect_f__parameterized3' (1#1) [/media/lite/DATA/E_Dissertation/HPRTU/projects/eLinuxPrj/Prj/2-4_XADC_MultiChannels_Decimation_DMA/xadc_pynq/xadc_pynq.srcs/sources_1/bd/design_1/ip/design_1_xadc_wiz_0_1/proc_common_v3_30_a/hdl/src/vhdl/design_1_xadc_wiz_0_1_pselect_f.vhd:167]
INFO: [Synth 8-638] synthesizing module 'design_1_xadc_wiz_0_1_pselect_f__parameterized4' [/media/lite/DATA/E_Dissertation/HPRTU/projects/eLinuxPrj/Prj/2-4_XADC_MultiChannels_Decimation_DMA/xadc_pynq/xadc_pynq.srcs/sources_1/bd/design_1/ip/design_1_xadc_wiz_0_1/proc_common_v3_30_a/hdl/src/vhdl/design_1_xadc_wiz_0_1_pselect_f.vhd:167]
INFO: [Synth 8-256] done synthesizing module 'design_1_xadc_wiz_0_1_pselect_f__parameterized4' (1#1) [/media/lite/DATA/E_Dissertation/HPRTU/projects/eLinuxPrj/Prj/2-4_XADC_MultiChannels_Decimation_DMA/xadc_pynq/xadc_pynq.srcs/sources_1/bd/design_1/ip/design_1_xadc_wiz_0_1/proc_common_v3_30_a/hdl/src/vhdl/design_1_xadc_wiz_0_1_pselect_f.vhd:167]
INFO: [Synth 8-638] synthesizing module 'design_1_xadc_wiz_0_1_pselect_f__parameterized5' [/media/lite/DATA/E_Dissertation/HPRTU/projects/eLinuxPrj/Prj/2-4_XADC_MultiChannels_Decimation_DMA/xadc_pynq/xadc_pynq.srcs/sources_1/bd/design_1/ip/design_1_xadc_wiz_0_1/proc_common_v3_30_a/hdl/src/vhdl/design_1_xadc_wiz_0_1_pselect_f.vhd:167]
INFO: [Synth 8-256] done synthesizing module 'design_1_xadc_wiz_0_1_pselect_f__parameterized5' (1#1) [/media/lite/DATA/E_Dissertation/HPRTU/projects/eLinuxPrj/Prj/2-4_XADC_MultiChannels_Decimation_DMA/xadc_pynq/xadc_pynq.srcs/sources_1/bd/design_1/ip/design_1_xadc_wiz_0_1/proc_common_v3_30_a/hdl/src/vhdl/design_1_xadc_wiz_0_1_pselect_f.vhd:167]
INFO: [Synth 8-638] synthesizing module 'design_1_xadc_wiz_0_1_pselect_f__parameterized6' [/media/lite/DATA/E_Dissertation/HPRTU/projects/eLinuxPrj/Prj/2-4_XADC_MultiChannels_Decimation_DMA/xadc_pynq/xadc_pynq.srcs/sources_1/bd/design_1/ip/design_1_xadc_wiz_0_1/proc_common_v3_30_a/hdl/src/vhdl/design_1_xadc_wiz_0_1_pselect_f.vhd:167]
INFO: [Synth 8-256] done synthesizing module 'design_1_xadc_wiz_0_1_pselect_f__parameterized6' (1#1) [/media/lite/DATA/E_Dissertation/HPRTU/projects/eLinuxPrj/Prj/2-4_XADC_MultiChannels_Decimation_DMA/xadc_pynq/xadc_pynq.srcs/sources_1/bd/design_1/ip/design_1_xadc_wiz_0_1/proc_common_v3_30_a/hdl/src/vhdl/design_1_xadc_wiz_0_1_pselect_f.vhd:167]
INFO: [Synth 8-638] synthesizing module 'design_1_xadc_wiz_0_1_pselect_f__parameterized7' [/media/lite/DATA/E_Dissertation/HPRTU/projects/eLinuxPrj/Prj/2-4_XADC_MultiChannels_Decimation_DMA/xadc_pynq/xadc_pynq.srcs/sources_1/bd/design_1/ip/design_1_xadc_wiz_0_1/proc_common_v3_30_a/hdl/src/vhdl/design_1_xadc_wiz_0_1_pselect_f.vhd:167]
INFO: [Synth 8-256] done synthesizing module 'design_1_xadc_wiz_0_1_pselect_f__parameterized7' (1#1) [/media/lite/DATA/E_Dissertation/HPRTU/projects/eLinuxPrj/Prj/2-4_XADC_MultiChannels_Decimation_DMA/xadc_pynq/xadc_pynq.srcs/sources_1/bd/design_1/ip/design_1_xadc_wiz_0_1/proc_common_v3_30_a/hdl/src/vhdl/design_1_xadc_wiz_0_1_pselect_f.vhd:167]
INFO: [Synth 8-638] synthesizing module 'design_1_xadc_wiz_0_1_pselect_f__parameterized8' [/media/lite/DATA/E_Dissertation/HPRTU/projects/eLinuxPrj/Prj/2-4_XADC_MultiChannels_Decimation_DMA/xadc_pynq/xadc_pynq.srcs/sources_1/bd/design_1/ip/design_1_xadc_wiz_0_1/proc_common_v3_30_a/hdl/src/vhdl/design_1_xadc_wiz_0_1_pselect_f.vhd:167]
INFO: [Synth 8-256] done synthesizing module 'design_1_xadc_wiz_0_1_pselect_f__parameterized8' (1#1) [/media/lite/DATA/E_Dissertation/HPRTU/projects/eLinuxPrj/Prj/2-4_XADC_MultiChannels_Decimation_DMA/xadc_pynq/xadc_pynq.srcs/sources_1/bd/design_1/ip/design_1_xadc_wiz_0_1/proc_common_v3_30_a/hdl/src/vhdl/design_1_xadc_wiz_0_1_pselect_f.vhd:167]
INFO: [Synth 8-638] synthesizing module 'design_1_xadc_wiz_0_1_pselect_f__parameterized9' [/media/lite/DATA/E_Dissertation/HPRTU/projects/eLinuxPrj/Prj/2-4_XADC_MultiChannels_Decimation_DMA/xadc_pynq/xadc_pynq.srcs/sources_1/bd/design_1/ip/design_1_xadc_wiz_0_1/proc_common_v3_30_a/hdl/src/vhdl/design_1_xadc_wiz_0_1_pselect_f.vhd:167]
INFO: [Synth 8-256] done synthesizing module 'design_1_xadc_wiz_0_1_pselect_f__parameterized9' (1#1) [/media/lite/DATA/E_Dissertation/HPRTU/projects/eLinuxPrj/Prj/2-4_XADC_MultiChannels_Decimation_DMA/xadc_pynq/xadc_pynq.srcs/sources_1/bd/design_1/ip/design_1_xadc_wiz_0_1/proc_common_v3_30_a/hdl/src/vhdl/design_1_xadc_wiz_0_1_pselect_f.vhd:167]
INFO: [Synth 8-638] synthesizing module 'design_1_xadc_wiz_0_1_pselect_f__parameterized10' [/media/lite/DATA/E_Dissertation/HPRTU/projects/eLinuxPrj/Prj/2-4_XADC_MultiChannels_Decimation_DMA/xadc_pynq/xadc_pynq.srcs/sources_1/bd/design_1/ip/design_1_xadc_wiz_0_1/proc_common_v3_30_a/hdl/src/vhdl/design_1_xadc_wiz_0_1_pselect_f.vhd:167]
INFO: [Synth 8-256] done synthesizing module 'design_1_xadc_wiz_0_1_pselect_f__parameterized10' (1#1) [/media/lite/DATA/E_Dissertation/HPRTU/projects/eLinuxPrj/Prj/2-4_XADC_MultiChannels_Decimation_DMA/xadc_pynq/xadc_pynq.srcs/sources_1/bd/design_1/ip/design_1_xadc_wiz_0_1/proc_common_v3_30_a/hdl/src/vhdl/design_1_xadc_wiz_0_1_pselect_f.vhd:167]
INFO: [Synth 8-638] synthesizing module 'design_1_xadc_wiz_0_1_pselect_f__parameterized11' [/media/lite/DATA/E_Dissertation/HPRTU/projects/eLinuxPrj/Prj/2-4_XADC_MultiChannels_Decimation_DMA/xadc_pynq/xadc_pynq.srcs/sources_1/bd/design_1/ip/design_1_xadc_wiz_0_1/proc_common_v3_30_a/hdl/src/vhdl/design_1_xadc_wiz_0_1_pselect_f.vhd:167]
INFO: [Synth 8-256] done synthesizing module 'design_1_xadc_wiz_0_1_pselect_f__parameterized11' (1#1) [/media/lite/DATA/E_Dissertation/HPRTU/projects/eLinuxPrj/Prj/2-4_XADC_MultiChannels_Decimation_DMA/xadc_pynq/xadc_pynq.srcs/sources_1/bd/design_1/ip/design_1_xadc_wiz_0_1/proc_common_v3_30_a/hdl/src/vhdl/design_1_xadc_wiz_0_1_pselect_f.vhd:167]
INFO: [Synth 8-638] synthesizing module 'design_1_xadc_wiz_0_1_pselect_f__parameterized12' [/media/lite/DATA/E_Dissertation/HPRTU/projects/eLinuxPrj/Prj/2-4_XADC_MultiChannels_Decimation_DMA/xadc_pynq/xadc_pynq.srcs/sources_1/bd/design_1/ip/design_1_xadc_wiz_0_1/proc_common_v3_30_a/hdl/src/vhdl/design_1_xadc_wiz_0_1_pselect_f.vhd:167]
INFO: [Synth 8-256] done synthesizing module 'design_1_xadc_wiz_0_1_pselect_f__parameterized12' (1#1) [/media/lite/DATA/E_Dissertation/HPRTU/projects/eLinuxPrj/Prj/2-4_XADC_MultiChannels_Decimation_DMA/xadc_pynq/xadc_pynq.srcs/sources_1/bd/design_1/ip/design_1_xadc_wiz_0_1/proc_common_v3_30_a/hdl/src/vhdl/design_1_xadc_wiz_0_1_pselect_f.vhd:167]
INFO: [Synth 8-638] synthesizing module 'design_1_xadc_wiz_0_1_pselect_f__parameterized13' [/media/lite/DATA/E_Dissertation/HPRTU/projects/eLinuxPrj/Prj/2-4_XADC_MultiChannels_Decimation_DMA/xadc_pynq/xadc_pynq.srcs/sources_1/bd/design_1/ip/design_1_xadc_wiz_0_1/proc_common_v3_30_a/hdl/src/vhdl/design_1_xadc_wiz_0_1_pselect_f.vhd:167]
INFO: [Synth 8-256] done synthesizing module 'design_1_xadc_wiz_0_1_pselect_f__parameterized13' (1#1) [/media/lite/DATA/E_Dissertation/HPRTU/projects/eLinuxPrj/Prj/2-4_XADC_MultiChannels_Decimation_DMA/xadc_pynq/xadc_pynq.srcs/sources_1/bd/design_1/ip/design_1_xadc_wiz_0_1/proc_common_v3_30_a/hdl/src/vhdl/design_1_xadc_wiz_0_1_pselect_f.vhd:167]
INFO: [Synth 8-638] synthesizing module 'design_1_xadc_wiz_0_1_pselect_f__parameterized14' [/media/lite/DATA/E_Dissertation/HPRTU/projects/eLinuxPrj/Prj/2-4_XADC_MultiChannels_Decimation_DMA/xadc_pynq/xadc_pynq.srcs/sources_1/bd/design_1/ip/design_1_xadc_wiz_0_1/proc_common_v3_30_a/hdl/src/vhdl/design_1_xadc_wiz_0_1_pselect_f.vhd:167]
INFO: [Synth 8-256] done synthesizing module 'design_1_xadc_wiz_0_1_pselect_f__parameterized14' (1#1) [/media/lite/DATA/E_Dissertation/HPRTU/projects/eLinuxPrj/Prj/2-4_XADC_MultiChannels_Decimation_DMA/xadc_pynq/xadc_pynq.srcs/sources_1/bd/design_1/ip/design_1_xadc_wiz_0_1/proc_common_v3_30_a/hdl/src/vhdl/design_1_xadc_wiz_0_1_pselect_f.vhd:167]
INFO: [Synth 8-638] synthesizing module 'design_1_xadc_wiz_0_1_pselect_f__parameterized15' [/media/lite/DATA/E_Dissertation/HPRTU/projects/eLinuxPrj/Prj/2-4_XADC_MultiChannels_Decimation_DMA/xadc_pynq/xadc_pynq.srcs/sources_1/bd/design_1/ip/design_1_xadc_wiz_0_1/proc_common_v3_30_a/hdl/src/vhdl/design_1_xadc_wiz_0_1_pselect_f.vhd:167]
INFO: [Synth 8-256] done synthesizing module 'design_1_xadc_wiz_0_1_pselect_f__parameterized15' (1#1) [/media/lite/DATA/E_Dissertation/HPRTU/projects/eLinuxPrj/Prj/2-4_XADC_MultiChannels_Decimation_DMA/xadc_pynq/xadc_pynq.srcs/sources_1/bd/design_1/ip/design_1_xadc_wiz_0_1/proc_common_v3_30_a/hdl/src/vhdl/design_1_xadc_wiz_0_1_pselect_f.vhd:167]
INFO: [Synth 8-638] synthesizing module 'design_1_xadc_wiz_0_1_pselect_f__parameterized16' [/media/lite/DATA/E_Dissertation/HPRTU/projects/eLinuxPrj/Prj/2-4_XADC_MultiChannels_Decimation_DMA/xadc_pynq/xadc_pynq.srcs/sources_1/bd/design_1/ip/design_1_xadc_wiz_0_1/proc_common_v3_30_a/hdl/src/vhdl/design_1_xadc_wiz_0_1_pselect_f.vhd:167]
INFO: [Synth 8-256] done synthesizing module 'design_1_xadc_wiz_0_1_pselect_f__parameterized16' (1#1) [/media/lite/DATA/E_Dissertation/HPRTU/projects/eLinuxPrj/Prj/2-4_XADC_MultiChannels_Decimation_DMA/xadc_pynq/xadc_pynq.srcs/sources_1/bd/design_1/ip/design_1_xadc_wiz_0_1/proc_common_v3_30_a/hdl/src/vhdl/design_1_xadc_wiz_0_1_pselect_f.vhd:167]
INFO: [Synth 8-638] synthesizing module 'design_1_xadc_wiz_0_1_pselect_f__parameterized17' [/media/lite/DATA/E_Dissertation/HPRTU/projects/eLinuxPrj/Prj/2-4_XADC_MultiChannels_Decimation_DMA/xadc_pynq/xadc_pynq.srcs/sources_1/bd/design_1/ip/design_1_xadc_wiz_0_1/proc_common_v3_30_a/hdl/src/vhdl/design_1_xadc_wiz_0_1_pselect_f.vhd:167]
INFO: [Synth 8-256] done synthesizing module 'design_1_xadc_wiz_0_1_pselect_f__parameterized17' (1#1) [/media/lite/DATA/E_Dissertation/HPRTU/projects/eLinuxPrj/Prj/2-4_XADC_MultiChannels_Decimation_DMA/xadc_pynq/xadc_pynq.srcs/sources_1/bd/design_1/ip/design_1_xadc_wiz_0_1/proc_common_v3_30_a/hdl/src/vhdl/design_1_xadc_wiz_0_1_pselect_f.vhd:167]
INFO: [Synth 8-638] synthesizing module 'design_1_xadc_wiz_0_1_pselect_f__parameterized18' [/media/lite/DATA/E_Dissertation/HPRTU/projects/eLinuxPrj/Prj/2-4_XADC_MultiChannels_Decimation_DMA/xadc_pynq/xadc_pynq.srcs/sources_1/bd/design_1/ip/design_1_xadc_wiz_0_1/proc_common_v3_30_a/hdl/src/vhdl/design_1_xadc_wiz_0_1_pselect_f.vhd:167]
INFO: [Synth 8-256] done synthesizing module 'design_1_xadc_wiz_0_1_pselect_f__parameterized18' (1#1) [/media/lite/DATA/E_Dissertation/HPRTU/projects/eLinuxPrj/Prj/2-4_XADC_MultiChannels_Decimation_DMA/xadc_pynq/xadc_pynq.srcs/sources_1/bd/design_1/ip/design_1_xadc_wiz_0_1/proc_common_v3_30_a/hdl/src/vhdl/design_1_xadc_wiz_0_1_pselect_f.vhd:167]
INFO: [Synth 8-638] synthesizing module 'design_1_xadc_wiz_0_1_pselect_f__parameterized19' [/media/lite/DATA/E_Dissertation/HPRTU/projects/eLinuxPrj/Prj/2-4_XADC_MultiChannels_Decimation_DMA/xadc_pynq/xadc_pynq.srcs/sources_1/bd/design_1/ip/design_1_xadc_wiz_0_1/proc_common_v3_30_a/hdl/src/vhdl/design_1_xadc_wiz_0_1_pselect_f.vhd:167]
INFO: [Synth 8-256] done synthesizing module 'design_1_xadc_wiz_0_1_pselect_f__parameterized19' (1#1) [/media/lite/DATA/E_Dissertation/HPRTU/projects/eLinuxPrj/Prj/2-4_XADC_MultiChannels_Decimation_DMA/xadc_pynq/xadc_pynq.srcs/sources_1/bd/design_1/ip/design_1_xadc_wiz_0_1/proc_common_v3_30_a/hdl/src/vhdl/design_1_xadc_wiz_0_1_pselect_f.vhd:167]
INFO: [Synth 8-638] synthesizing module 'design_1_xadc_wiz_0_1_pselect_f__parameterized20' [/media/lite/DATA/E_Dissertation/HPRTU/projects/eLinuxPrj/Prj/2-4_XADC_MultiChannels_Decimation_DMA/xadc_pynq/xadc_pynq.srcs/sources_1/bd/design_1/ip/design_1_xadc_wiz_0_1/proc_common_v3_30_a/hdl/src/vhdl/design_1_xadc_wiz_0_1_pselect_f.vhd:167]
INFO: [Synth 8-256] done synthesizing module 'design_1_xadc_wiz_0_1_pselect_f__parameterized20' (1#1) [/media/lite/DATA/E_Dissertation/HPRTU/projects/eLinuxPrj/Prj/2-4_XADC_MultiChannels_Decimation_DMA/xadc_pynq/xadc_pynq.srcs/sources_1/bd/design_1/ip/design_1_xadc_wiz_0_1/proc_common_v3_30_a/hdl/src/vhdl/design_1_xadc_wiz_0_1_pselect_f.vhd:167]
INFO: [Synth 8-638] synthesizing module 'design_1_xadc_wiz_0_1_pselect_f__parameterized21' [/media/lite/DATA/E_Dissertation/HPRTU/projects/eLinuxPrj/Prj/2-4_XADC_MultiChannels_Decimation_DMA/xadc_pynq/xadc_pynq.srcs/sources_1/bd/design_1/ip/design_1_xadc_wiz_0_1/proc_common_v3_30_a/hdl/src/vhdl/design_1_xadc_wiz_0_1_pselect_f.vhd:167]
INFO: [Synth 8-256] done synthesizing module 'design_1_xadc_wiz_0_1_pselect_f__parameterized21' (1#1) [/media/lite/DATA/E_Dissertation/HPRTU/projects/eLinuxPrj/Prj/2-4_XADC_MultiChannels_Decimation_DMA/xadc_pynq/xadc_pynq.srcs/sources_1/bd/design_1/ip/design_1_xadc_wiz_0_1/proc_common_v3_30_a/hdl/src/vhdl/design_1_xadc_wiz_0_1_pselect_f.vhd:167]
INFO: [Synth 8-638] synthesizing module 'design_1_xadc_wiz_0_1_pselect_f__parameterized22' [/media/lite/DATA/E_Dissertation/HPRTU/projects/eLinuxPrj/Prj/2-4_XADC_MultiChannels_Decimation_DMA/xadc_pynq/xadc_pynq.srcs/sources_1/bd/design_1/ip/design_1_xadc_wiz_0_1/proc_common_v3_30_a/hdl/src/vhdl/design_1_xadc_wiz_0_1_pselect_f.vhd:167]
INFO: [Synth 8-256] done synthesizing module 'design_1_xadc_wiz_0_1_pselect_f__parameterized22' (1#1) [/media/lite/DATA/E_Dissertation/HPRTU/projects/eLinuxPrj/Prj/2-4_XADC_MultiChannels_Decimation_DMA/xadc_pynq/xadc_pynq.srcs/sources_1/bd/design_1/ip/design_1_xadc_wiz_0_1/proc_common_v3_30_a/hdl/src/vhdl/design_1_xadc_wiz_0_1_pselect_f.vhd:167]
INFO: [Synth 8-638] synthesizing module 'design_1_xadc_wiz_0_1_pselect_f__parameterized23' [/media/lite/DATA/E_Dissertation/HPRTU/projects/eLinuxPrj/Prj/2-4_XADC_MultiChannels_Decimation_DMA/xadc_pynq/xadc_pynq.srcs/sources_1/bd/design_1/ip/design_1_xadc_wiz_0_1/proc_common_v3_30_a/hdl/src/vhdl/design_1_xadc_wiz_0_1_pselect_f.vhd:167]
INFO: [Synth 8-256] done synthesizing module 'design_1_xadc_wiz_0_1_pselect_f__parameterized23' (1#1) [/media/lite/DATA/E_Dissertation/HPRTU/projects/eLinuxPrj/Prj/2-4_XADC_MultiChannels_Decimation_DMA/xadc_pynq/xadc_pynq.srcs/sources_1/bd/design_1/ip/design_1_xadc_wiz_0_1/proc_common_v3_30_a/hdl/src/vhdl/design_1_xadc_wiz_0_1_pselect_f.vhd:167]
INFO: [Synth 8-638] synthesizing module 'design_1_xadc_wiz_0_1_pselect_f__parameterized24' [/media/lite/DATA/E_Dissertation/HPRTU/projects/eLinuxPrj/Prj/2-4_XADC_MultiChannels_Decimation_DMA/xadc_pynq/xadc_pynq.srcs/sources_1/bd/design_1/ip/design_1_xadc_wiz_0_1/proc_common_v3_30_a/hdl/src/vhdl/design_1_xadc_wiz_0_1_pselect_f.vhd:167]
INFO: [Synth 8-256] done synthesizing module 'design_1_xadc_wiz_0_1_pselect_f__parameterized24' (1#1) [/media/lite/DATA/E_Dissertation/HPRTU/projects/eLinuxPrj/Prj/2-4_XADC_MultiChannels_Decimation_DMA/xadc_pynq/xadc_pynq.srcs/sources_1/bd/design_1/ip/design_1_xadc_wiz_0_1/proc_common_v3_30_a/hdl/src/vhdl/design_1_xadc_wiz_0_1_pselect_f.vhd:167]
INFO: [Synth 8-638] synthesizing module 'design_1_xadc_wiz_0_1_pselect_f__parameterized25' [/media/lite/DATA/E_Dissertation/HPRTU/projects/eLinuxPrj/Prj/2-4_XADC_MultiChannels_Decimation_DMA/xadc_pynq/xadc_pynq.srcs/sources_1/bd/design_1/ip/design_1_xadc_wiz_0_1/proc_common_v3_30_a/hdl/src/vhdl/design_1_xadc_wiz_0_1_pselect_f.vhd:167]
INFO: [Synth 8-256] done synthesizing module 'design_1_xadc_wiz_0_1_pselect_f__parameterized25' (1#1) [/media/lite/DATA/E_Dissertation/HPRTU/projects/eLinuxPrj/Prj/2-4_XADC_MultiChannels_Decimation_DMA/xadc_pynq/xadc_pynq.srcs/sources_1/bd/design_1/ip/design_1_xadc_wiz_0_1/proc_common_v3_30_a/hdl/src/vhdl/design_1_xadc_wiz_0_1_pselect_f.vhd:167]
INFO: [Synth 8-256] done synthesizing module 'design_1_xadc_wiz_0_1_address_decoder' (2#1) [/media/lite/DATA/E_Dissertation/HPRTU/projects/eLinuxPrj/Prj/2-4_XADC_MultiChannels_Decimation_DMA/xadc_pynq/xadc_pynq.srcs/sources_1/bd/design_1/ip/design_1_xadc_wiz_0_1/axi_lite_ipif_v1_01_a/hdl/src/vhdl/design_1_xadc_wiz_0_1_address_decoder.vhd:176]
INFO: [Synth 8-256] done synthesizing module 'design_1_xadc_wiz_0_1_slave_attachment' (3#1) [/media/lite/DATA/E_Dissertation/HPRTU/projects/eLinuxPrj/Prj/2-4_XADC_MultiChannels_Decimation_DMA/xadc_pynq/xadc_pynq.srcs/sources_1/bd/design_1/ip/design_1_xadc_wiz_0_1/axi_lite_ipif_v1_01_a/hdl/src/vhdl/design_1_xadc_wiz_0_1_slave_attachment.vhd:227]
INFO: [Synth 8-256] done synthesizing module 'design_1_xadc_wiz_0_1_axi_lite_ipif' (4#1) [/media/lite/DATA/E_Dissertation/HPRTU/projects/eLinuxPrj/Prj/2-4_XADC_MultiChannels_Decimation_DMA/xadc_pynq/xadc_pynq.srcs/sources_1/bd/design_1/ip/design_1_xadc_wiz_0_1/axi_lite_ipif_v1_01_a/hdl/src/vhdl/design_1_xadc_wiz_0_1_axi_lite_ipif.vhd:241]
INFO: [Synth 8-638] synthesizing module 'design_1_xadc_wiz_0_1_xadc_core_drp' [/media/lite/DATA/E_Dissertation/HPRTU/projects/eLinuxPrj/Prj/2-4_XADC_MultiChannels_Decimation_DMA/xadc_pynq/xadc_pynq.srcs/sources_1/bd/design_1/ip/design_1_xadc_wiz_0_1/design_1_xadc_wiz_0_1_xadc_core_drp.vhd:211]
INFO: [Synth 8-638] synthesizing module 'drp_to_axi4stream' [/media/lite/DATA/E_Dissertation/HPRTU/projects/eLinuxPrj/Prj/2-4_XADC_MultiChannels_Decimation_DMA/xadc_pynq/xadc_pynq.srcs/sources_1/bd/design_1/ip/design_1_xadc_wiz_0_1/design_1_xadc_wiz_0_1_drp_to_axi_stream.vhd:83]
INFO: [Synth 8-256] done synthesizing module 'drp_to_axi4stream' (5#1) [/media/lite/DATA/E_Dissertation/HPRTU/projects/eLinuxPrj/Prj/2-4_XADC_MultiChannels_Decimation_DMA/xadc_pynq/xadc_pynq.srcs/sources_1/bd/design_1/ip/design_1_xadc_wiz_0_1/design_1_xadc_wiz_0_1_drp_to_axi_stream.vhd:83]
INFO: [Synth 8-638] synthesizing module 'drp_arbiter' [/media/lite/DATA/E_Dissertation/HPRTU/projects/eLinuxPrj/Prj/2-4_XADC_MultiChannels_Decimation_DMA/xadc_pynq/xadc_pynq.srcs/sources_1/bd/design_1/ip/design_1_xadc_wiz_0_1/design_1_xadc_wiz_0_1_drp_arbiter.vhd:82]
INFO: [Synth 8-256] done synthesizing module 'drp_arbiter' (6#1) [/media/lite/DATA/E_Dissertation/HPRTU/projects/eLinuxPrj/Prj/2-4_XADC_MultiChannels_Decimation_DMA/xadc_pynq/xadc_pynq.srcs/sources_1/bd/design_1/ip/design_1_xadc_wiz_0_1/design_1_xadc_wiz_0_1_drp_arbiter.vhd:82]
INFO: [Synth 8-256] done synthesizing module 'design_1_xadc_wiz_0_1_xadc_core_drp' (7#1) [/media/lite/DATA/E_Dissertation/HPRTU/projects/eLinuxPrj/Prj/2-4_XADC_MultiChannels_Decimation_DMA/xadc_pynq/xadc_pynq.srcs/sources_1/bd/design_1/ip/design_1_xadc_wiz_0_1/design_1_xadc_wiz_0_1_xadc_core_drp.vhd:211]
INFO: [Synth 8-638] synthesizing module 'design_1_xadc_wiz_0_1_soft_reset' [/media/lite/DATA/E_Dissertation/HPRTU/projects/eLinuxPrj/Prj/2-4_XADC_MultiChannels_Decimation_DMA/xadc_pynq/xadc_pynq.srcs/sources_1/bd/design_1/ip/design_1_xadc_wiz_0_1/proc_common_v3_30_a/hdl/src/vhdl/design_1_xadc_wiz_0_1_soft_reset.vhd:142]
INFO: [Synth 8-256] done synthesizing module 'design_1_xadc_wiz_0_1_soft_reset' (8#1) [/media/lite/DATA/E_Dissertation/HPRTU/projects/eLinuxPrj/Prj/2-4_XADC_MultiChannels_Decimation_DMA/xadc_pynq/xadc_pynq.srcs/sources_1/bd/design_1/ip/design_1_xadc_wiz_0_1/proc_common_v3_30_a/hdl/src/vhdl/design_1_xadc_wiz_0_1_soft_reset.vhd:142]
INFO: [Synth 8-638] synthesizing module 'design_1_xadc_wiz_0_1_interrupt_control' [/media/lite/DATA/E_Dissertation/HPRTU/projects/eLinuxPrj/Prj/2-4_XADC_MultiChannels_Decimation_DMA/xadc_pynq/xadc_pynq.srcs/sources_1/bd/design_1/ip/design_1_xadc_wiz_0_1/interrupt_control_v2_01_a/hdl/src/vhdl/design_1_xadc_wiz_0_1_interrupt_control.vhd:240]
INFO: [Synth 8-256] done synthesizing module 'design_1_xadc_wiz_0_1_interrupt_control' (9#1) [/media/lite/DATA/E_Dissertation/HPRTU/projects/eLinuxPrj/Prj/2-4_XADC_MultiChannels_Decimation_DMA/xadc_pynq/xadc_pynq.srcs/sources_1/bd/design_1/ip/design_1_xadc_wiz_0_1/interrupt_control_v2_01_a/hdl/src/vhdl/design_1_xadc_wiz_0_1_interrupt_control.vhd:240]
INFO: [Synth 8-256] done synthesizing module 'design_1_xadc_wiz_0_1_axi_xadc' (10#1) [/media/lite/DATA/E_Dissertation/HPRTU/projects/eLinuxPrj/Prj/2-4_XADC_MultiChannels_Decimation_DMA/xadc_pynq/xadc_pynq.srcs/sources_1/bd/design_1/ip/design_1_xadc_wiz_0_1/design_1_xadc_wiz_0_1_axi_xadc.vhd:263]
INFO: [Synth 8-256] done synthesizing module 'design_1_xadc_wiz_0_1' (11#1) [/media/lite/DATA/E_Dissertation/HPRTU/projects/eLinuxPrj/Prj/2-4_XADC_MultiChannels_Decimation_DMA/xadc_pynq/xadc_pynq.srcs/sources_1/bd/design_1/ip/design_1_xadc_wiz_0_1/design_1_xadc_wiz_0_1.v:53]
Finished RTL Elaboration : Time (s): cpu = 00:00:22 ; elapsed = 00:00:23 . Memory (MB): peak = 1175.301 ; gain = 262.770 ; free physical = 127 ; free virtual = 9554
Finished RTL Optimization Phase 1 : Time (s): cpu = 00:00:22 ; elapsed = 00:00:23 . Memory (MB): peak = 1175.301 ; gain = 262.770 ; free physical = 131 ; free virtual = 9539
INFO: [Device 21-403] Loading part xc7z020clg400-1
Constraint Validation Runtime : Time (s): cpu = 00:00:00.05 ; elapsed = 00:00:00.04 . Memory (MB): peak = 1529.457 ; gain = 0.000 ; free physical = 139 ; free virtual = 9202
Finished Constraint Validation : Time (s): cpu = 00:00:38 ; elapsed = 00:00:40 . Memory (MB): peak = 1529.457 ; gain = 616.926 ; free physical = 184 ; free virtual = 9173
Finished Loading Part and Timing Information : Time (s): cpu = 00:00:38 ; elapsed = 00:00:40 . Memory (MB): peak = 1529.457 ; gain = 616.926 ; free physical = 184 ; free virtual = 9173
Finished applying 'set_property' XDC Constraints : Time (s): cpu = 00:00:38 ; elapsed = 00:00:40 . Memory (MB): peak = 1529.457 ; gain = 616.926 ; free physical = 184 ; free virtual = 9173
Finished RTL Optimization Phase 2 : Time (s): cpu = 00:00:39 ; elapsed = 00:00:41 . Memory (MB): peak = 1529.457 ; gain = 616.926 ; free physical = 168 ; free virtual = 9157
Finished Cross Boundary and Area Optimization : Time (s): cpu = 00:00:43 ; elapsed = 00:00:45 . Memory (MB): peak = 1529.457 ; gain = 616.926 ; free physical = 137 ; free virtual = 9127
Finished Applying XDC Timing Constraints : Time (s): cpu = 00:00:55 ; elapsed = 00:00:57 . Memory (MB): peak = 1529.457 ; gain = 616.926 ; free physical = 130 ; free virtual = 8732
Finished Timing Optimization : Time (s): cpu = 00:00:56 ; elapsed = 00:00:59 . Memory (MB): peak = 1529.457 ; gain = 616.926 ; free physical = 129 ; free virtual = 8651
Finished Technology Mapping : Time (s): cpu = 00:00:57 ; elapsed = 00:00:59 . Memory (MB): peak = 1529.457 ; gain = 616.926 ; free physical = 121 ; free virtual = 8650
Finished IO Insertion : Time (s): cpu = 00:00:57 ; elapsed = 00:01:00 . Memory (MB): peak = 1529.457 ; gain = 616.926 ; free physical = 127 ; free virtual = 8618
Finished Renaming Generated Instances : Time (s): cpu = 00:00:57 ; elapsed = 00:01:00 . Memory (MB): peak = 1529.457 ; gain = 616.926 ; free physical = 123 ; free virtual = 8618
Finished Rebuilding User Hierarchy : Time (s): cpu = 00:00:58 ; elapsed = 00:01:00 . Memory (MB): peak = 1529.457 ; gain = 616.926 ; free physical = 137 ; free virtual = 8624
Finished Renaming Generated Ports : Time (s): cpu = 00:00:58 ; elapsed = 00:01:00 . Memory (MB): peak = 1529.457 ; gain = 616.926 ; free physical = 136 ; free virtual = 8624
Finished Handling Custom Attributes : Time (s): cpu = 00:00:58 ; elapsed = 00:01:00 . Memory (MB): peak = 1529.457 ; gain = 616.926 ; free physical = 137 ; free virtual = 8627
Finished Renaming Generated Nets : Time (s): cpu = 00:00:58 ; elapsed = 00:01:00 . Memory (MB): peak = 1529.457 ; gain = 616.926 ; free physical = 137 ; free virtual = 8627

Report Cell Usage: 
+------+---------+------+
|      |Cell     |Count |
+------+---------+------+
|1     |FIFO18E1 |     2|
|2     |LUT1     |     3|
|3     |LUT2     |    93|
|4     |LUT3     |    28|
|5     |LUT4     |    46|
|6     |LUT5     |    89|
|7     |LUT6     |    87|
|8     |XADC     |     1|
|9     |FDCE     |   103|
|10    |FDRE     |   205|
|11    |FDSE     |    30|
+------+---------+------+
Finished Writing Synthesis Report : Time (s): cpu = 00:00:58 ; elapsed = 00:01:00 . Memory (MB): peak = 1529.457 ; gain = 616.926 ; free physical = 137 ; free virtual = 8627
synth_design: Time (s): cpu = 00:00:54 ; elapsed = 00:00:57 . Memory (MB): peak = 1545.465 ; gain = 526.215 ; free physical = 1445 ; free virtual = 9910
