#-----------------------------------------------------------
# Webtalk v2016.3 (64-bit)
# SW Build 1682563 on Mon Oct 10 19:07:26 MDT 2016
# 
# Start of session at: Fri Apr 20 19:19:22 2018
# Process ID: 13686
# Current directory: /media/lite/DATA/E_Dissertation/HPRTU_Remote/2-4_XADC_MultiChannels_Decimation_DMA/xadc_pynq/xadc_pynq.sdk/webtalk
# Command line: wbtcv -mode batch -source sdk_webtalk.tcl
# Log file: /media/lite/DATA/E_Dissertation/HPRTU_Remote/2-4_XADC_MultiChannels_Decimation_DMA/xadc_pynq/xadc_pynq.sdk/webtalk/webtalk.log
# Journal file: /media/lite/DATA/E_Dissertation/HPRTU_Remote/2-4_XADC_MultiChannels_Decimation_DMA/xadc_pynq/xadc_pynq.sdk/webtalk/webtalk.jou
#-----------------------------------------------------------
source sdk_webtalk.tcl
# webtalk_init -webtalk_dir /media/lite/DATA/E_Dissertation/HPRTU_Remote/2-4_XADC_MultiChannels_Decimation_DMA/xadc_pynq/xadc_pynq.sdk/webtalk
# webtalk_register_client -client project
# webtalk_add_data -client project -key date_generated -value "2018-04-20 19:19:22" -context "software_version_and_target_device"
# webtalk_add_data -client project -key product_version -value "SDK v2016.3" -context "software_version_and_target_device"
# webtalk_add_data -client project -key build_version -value "2016.3" -context "software_version_and_target_device"
# webtalk_add_data -client project -key os_platform -value "amd64" -context "software_version_and_target_device"
# webtalk_add_data -client project -key registration_id -value "" -context "software_version_and_target_device"
# webtalk_add_data -client project -key tool_flow -value "SDK" -context "software_version_and_target_device"
# webtalk_add_data -client project -key beta -value "false" -context "software_version_and_target_device"
# webtalk_add_data -client project -key route_design -value "NA" -context "software_version_and_target_device"
# webtalk_add_data -client project -key target_family -value "NA" -context "software_version_and_target_device"
# webtalk_add_data -client project -key target_device -value "NA" -context "software_version_and_target_device"
# webtalk_add_data -client project -key target_package -value "NA" -context "software_version_and_target_device"
# webtalk_add_data -client project -key target_speed -value "NA" -context "software_version_and_target_device"
# webtalk_add_data -client project -key random_id -value "i7rnmg9a8llsc6lai3jrkvhbsm" -context "software_version_and_target_device"
# webtalk_add_data -client project -key project_id -value "2016.3_5" -context "software_version_and_target_device"
# webtalk_add_data -client project -key project_iteration -value "5" -context "software_version_and_target_device"
# webtalk_add_data -client project -key os_name -value "Ubuntu" -context "user_environment"
# webtalk_add_data -client project -key os_release -value "Ubuntu 16.04.2 LTS" -context "user_environment"
# webtalk_add_data -client project -key cpu_name -value "Intel(R) Core(TM) i7-6700HQ CPU @ 2.60GHz" -context "user_environment"
# webtalk_add_data -client project -key cpu_speed -value "1224.124 MHz" -context "user_environment"
# webtalk_add_data -client project -key total_processors -value "1" -context "user_environment"
# webtalk_add_data -client project -key system_ram -value "8.000 GB" -context "user_environment"
# webtalk_register_client -client sdk
# webtalk_add_data -client sdk -key uid -value "1524223027000" -context "sdk\\\\hardware/1524223027000"
# webtalk_add_data -client sdk -key isZynq -value "true" -context "sdk\\\\hardware/1524223027000"
# webtalk_add_data -client sdk -key isZynqMP -value "false" -context "sdk\\\\hardware/1524223027000"
# webtalk_add_data -client sdk -key Processors -value "2" -context "sdk\\\\hardware/1524223027000"
# webtalk_add_data -client sdk -key VivadoVersion -value "2016.3" -context "sdk\\\\hardware/1524223027000"
# webtalk_add_data -client sdk -key Arch -value "zynq" -context "sdk\\\\hardware/1524223027000"
# webtalk_add_data -client sdk -key Device -value "7z020" -context "sdk\\\\hardware/1524223027000"
# webtalk_add_data -client sdk -key IsHandoff -value "true" -context "sdk\\\\hardware/1524223027000"
# webtalk_add_data -client sdk -key os -value "NA" -context "sdk\\\\hardware/1524223027000"
# webtalk_add_data -client sdk -key apptemplate -value "NA" -context "sdk\\\\hardware/1524223027000"
# webtalk_add_data -client sdk -key RecordType -value "HWCreation" -context "sdk\\\\hardware/1524223027000"
# webtalk_add_data -client sdk -key uid -value "1524223094000" -context "sdk\\\\bsp/1524223094000"
# webtalk_add_data -client sdk -key hwid -value "1524223027000" -context "sdk\\\\bsp/1524223094000"
# webtalk_add_data -client sdk -key os -value "standalone" -context "sdk\\\\bsp/1524223094000"
# webtalk_add_data -client sdk -key apptemplate -value "empty_application" -context "sdk\\\\bsp/1524223094000"
# webtalk_add_data -client sdk -key RecordType -value "BSPCreation" -context "sdk\\\\bsp/1524223094000"
# webtalk_add_data -client sdk -key uid -value "1524223097000" -context "sdk\\\\application/1524223097000"
# webtalk_add_data -client sdk -key hwid -value "1524223027000" -context "sdk\\\\application/1524223097000"
# webtalk_add_data -client sdk -key bspid -value "1524223094000" -context "sdk\\\\application/1524223097000"
# webtalk_add_data -client sdk -key newbsp -value "true" -context "sdk\\\\application/1524223097000"
# webtalk_add_data -client sdk -key os -value "standalone" -context "sdk\\\\application/1524223097000"
# webtalk_add_data -client sdk -key apptemplate -value "empty_application" -context "sdk\\\\application/1524223097000"
# webtalk_add_data -client sdk -key RecordType -value "APPCreation" -context "sdk\\\\application/1524223097000"
# webtalk_add_data -client sdk -key LangUsed -value "C" -context "sdk\\\\application/1524223097000"
# webtalk_add_data -client sdk -key Procused -value "ps7_cortexa9" -context "sdk\\\\application/1524223097000"
# webtalk_add_data -client sdk -key projSize -value "555.47265625" -context "sdk\\\\application/1524223097000"
# webtalk_add_data -client sdk -key uid -value "NA" -context "sdk\\\\bsp/1524223162054"
# webtalk_add_data -client sdk -key RecordType -value "ToolUsage" -context "sdk\\\\bsp/1524223162054"
# webtalk_add_data -client sdk -key BootgenCount -value "0" -context "sdk\\\\bsp/1524223162054"
# webtalk_add_data -client sdk -key DebugCount -value "0" -context "sdk\\\\bsp/1524223162054"
# webtalk_add_data -client sdk -key PerfCount -value "0" -context "sdk\\\\bsp/1524223162054"
# webtalk_add_data -client sdk -key FlashCount -value "0" -context "sdk\\\\bsp/1524223162054"
# webtalk_add_data -client sdk -key CrossTriggCount -value "0" -context "sdk\\\\bsp/1524223162054"
# webtalk_add_data -client sdk -key QemuDebugCount -value "0" -context "sdk\\\\bsp/1524223162054"
# webtalk_transmit -clientid 1468663933 -regid "" -xml /media/lite/DATA/E_Dissertation/HPRTU_Remote/2-4_XADC_MultiChannels_Decimation_DMA/xadc_pynq/xadc_pynq.sdk/webtalk/usage_statistics_ext_sdk.xml -html /media/lite/DATA/E_Dissertation/HPRTU_Remote/2-4_XADC_MultiChannels_Decimation_DMA/xadc_pynq/xadc_pynq.sdk/webtalk/usage_statistics_ext_sdk.html -wdm /media/lite/DATA/E_Dissertation/HPRTU_Remote/2-4_XADC_MultiChannels_Decimation_DMA/xadc_pynq/xadc_pynq.sdk/webtalk/sdk_webtalk.wdm -intro "<H3>SDK Usage Report</H3><BR>"
INFO: [Common 17-186] '/media/lite/DATA/E_Dissertation/HPRTU_Remote/2-4_XADC_MultiChannels_Decimation_DMA/xadc_pynq/xadc_pynq.sdk/webtalk/usage_statistics_ext_sdk.xml' has been successfully sent to Xilinx on Fri Apr 20 19:19:24 2018. For additional details about this file, please refer to the WebTalk help file at /media/lite/DATA/A_Software/Xilinx/Vivado2016.03/SDK/2016.3/doc/webtalk_introduction.html.
# webtalk_terminate
INFO: [Common 17-206] Exiting Webtalk at Fri Apr 20 19:19:24 2018...
