
*** Running vivado
    with args -log design_1_xlconstant_2_1.vds -m64 -product Vivado -mode batch -messageDb vivado.pb -notrace -source design_1_xlconstant_2_1.tcl


****** Vivado v2016.3 (64-bit)
  **** SW Build 1682563 on Mon Oct 10 19:07:26 MDT 2016
  **** IP Build 1681267 on Mon Oct 10 21:28:31 MDT 2016
    ** Copyright 1986-2016 Xilinx, Inc. All Rights Reserved.

source design_1_xlconstant_2_1.tcl -notrace
Starting RTL Elaboration : Time (s): cpu = 00:00:13 ; elapsed = 00:00:13 . Memory (MB): peak = 1099.832 ; gain = 187.301 ; free physical = 675 ; free virtual = 9442
INFO: [Synth 8-638] synthesizing module 'design_1_xlconstant_2_1' [/media/lite/DATA/E_Dissertation/HPRTU/projects/eLinuxPrj/Prj/2-4_XADC_MultiChannels_Decimation_DMA/xadc_pynq/xadc_pynq.srcs/sources_1/bd/design_1/ip/design_1_xlconstant_2_1/sim/design_1_xlconstant_2_1.v:56]
INFO: [Synth 8-638] synthesizing module 'xlconstant' [/media/lite/DATA/E_Dissertation/HPRTU/projects/eLinuxPrj/Prj/2-4_XADC_MultiChannels_Decimation_DMA/xadc_pynq/xadc_pynq.srcs/sources_1/bd/design_1/ipshared/e147/xlconstant.v:23]
INFO: [Synth 8-256] done synthesizing module 'xlconstant' (1#1) [/media/lite/DATA/E_Dissertation/HPRTU/projects/eLinuxPrj/Prj/2-4_XADC_MultiChannels_Decimation_DMA/xadc_pynq/xadc_pynq.srcs/sources_1/bd/design_1/ipshared/e147/xlconstant.v:23]
INFO: [Synth 8-256] done synthesizing module 'design_1_xlconstant_2_1' (2#1) [/media/lite/DATA/E_Dissertation/HPRTU/projects/eLinuxPrj/Prj/2-4_XADC_MultiChannels_Decimation_DMA/xadc_pynq/xadc_pynq.srcs/sources_1/bd/design_1/ip/design_1_xlconstant_2_1/sim/design_1_xlconstant_2_1.v:56]
Finished RTL Elaboration : Time (s): cpu = 00:00:14 ; elapsed = 00:00:14 . Memory (MB): peak = 1140.301 ; gain = 227.770 ; free physical = 625 ; free virtual = 9392
Finished RTL Optimization Phase 1 : Time (s): cpu = 00:00:14 ; elapsed = 00:00:15 . Memory (MB): peak = 1140.301 ; gain = 227.770 ; free physical = 619 ; free virtual = 9380
INFO: [Device 21-403] Loading part xc7z020clg400-1
Constraint Validation Runtime : Time (s): cpu = 00:00:00.01 ; elapsed = 00:00:00.02 . Memory (MB): peak = 1420.855 ; gain = 1.000 ; free physical = 243 ; free virtual = 9012
Finished Constraint Validation : Time (s): cpu = 00:00:29 ; elapsed = 00:00:30 . Memory (MB): peak = 1420.855 ; gain = 508.324 ; free physical = 224 ; free virtual = 9006
Finished Loading Part and Timing Information : Time (s): cpu = 00:00:29 ; elapsed = 00:00:30 . Memory (MB): peak = 1420.855 ; gain = 508.324 ; free physical = 224 ; free virtual = 9006
Finished applying 'set_property' XDC Constraints : Time (s): cpu = 00:00:29 ; elapsed = 00:00:30 . Memory (MB): peak = 1420.855 ; gain = 508.324 ; free physical = 224 ; free virtual = 9006
Finished RTL Optimization Phase 2 : Time (s): cpu = 00:00:29 ; elapsed = 00:00:30 . Memory (MB): peak = 1420.855 ; gain = 508.324 ; free physical = 224 ; free virtual = 9006
Finished Cross Boundary and Area Optimization : Time (s): cpu = 00:00:29 ; elapsed = 00:00:30 . Memory (MB): peak = 1420.855 ; gain = 508.324 ; free physical = 223 ; free virtual = 9005
Finished Applying XDC Timing Constraints : Time (s): cpu = 00:00:42 ; elapsed = 00:00:43 . Memory (MB): peak = 1431.840 ; gain = 519.309 ; free physical = 1143 ; free virtual = 9843
Finished Timing Optimization : Time (s): cpu = 00:00:42 ; elapsed = 00:00:43 . Memory (MB): peak = 1431.840 ; gain = 519.309 ; free physical = 1141 ; free virtual = 9841
Finished Technology Mapping : Time (s): cpu = 00:00:42 ; elapsed = 00:00:43 . Memory (MB): peak = 1441.855 ; gain = 529.324 ; free physical = 1131 ; free virtual = 9831
Finished IO Insertion : Time (s): cpu = 00:00:42 ; elapsed = 00:00:43 . Memory (MB): peak = 1441.855 ; gain = 529.324 ; free physical = 1126 ; free virtual = 9826
Finished Renaming Generated Instances : Time (s): cpu = 00:00:42 ; elapsed = 00:00:43 . Memory (MB): peak = 1441.855 ; gain = 529.324 ; free physical = 1126 ; free virtual = 9826
Finished Rebuilding User Hierarchy : Time (s): cpu = 00:00:42 ; elapsed = 00:00:43 . Memory (MB): peak = 1441.855 ; gain = 529.324 ; free physical = 1126 ; free virtual = 9826
Finished Renaming Generated Ports : Time (s): cpu = 00:00:42 ; elapsed = 00:00:43 . Memory (MB): peak = 1441.855 ; gain = 529.324 ; free physical = 1126 ; free virtual = 9826
Finished Handling Custom Attributes : Time (s): cpu = 00:00:42 ; elapsed = 00:00:44 . Memory (MB): peak = 1441.855 ; gain = 529.324 ; free physical = 1126 ; free virtual = 9825
Finished Renaming Generated Nets : Time (s): cpu = 00:00:42 ; elapsed = 00:00:44 . Memory (MB): peak = 1441.855 ; gain = 529.324 ; free physical = 1126 ; free virtual = 9825

Report Cell Usage: 
+-+-----+------+
| |Cell |Count |
+-+-----+------+
+-+-----+------+
Finished Writing Synthesis Report : Time (s): cpu = 00:00:42 ; elapsed = 00:00:44 . Memory (MB): peak = 1441.855 ; gain = 529.324 ; free physical = 1126 ; free virtual = 9825
synth_design: Time (s): cpu = 00:00:38 ; elapsed = 00:00:38 . Memory (MB): peak = 1454.855 ; gain = 435.605 ; free physical = 1100 ; free virtual = 9809
