#
# An unexpected error has occurred (11)
#
Stack:
/media/lite/DATA/A_Software/Xilinx/Vivado2016.03/Vivado/2016.3/tps/lnx64/jre/lib/amd64/server/libjvm.so(+0x91ab39) [0x7fda1c6e3b39]
/media/lite/DATA/A_Software/Xilinx/Vivado2016.03/Vivado/2016.3/tps/lnx64/jre/lib/amd64/server/libjvm.so(JVM_handle_linux_signal+0xb6) [0x7fda1c6e9f26]
/media/lite/DATA/A_Software/Xilinx/Vivado2016.03/Vivado/2016.3/tps/lnx64/jre/lib/amd64/server/libjvm.so(+0x917753) [0x7fda1c6e0753]
/lib/x86_64-linux-gnu/libc.so.6(+0x354b0) [0x7fda50cd44b0]
/media/lite/DATA/A_Software/Xilinx/Vivado2016.03/Vivado/2016.3/lib/lnx64.o/librdi_designutils.so(HDDCProbeManager::probeSetExistsForName(std::string const&)+0x8) [0x7fda3cf14978]
/media/lite/DATA/A_Software/Xilinx/Vivado2016.03/Vivado/2016.3/lib/lnx64.o/librdi_labtools.so(LTDHWProbeUtils::getProbesForDevice(HDDCProbeManager*, std::string const&, std::vector<HDDCProbe*, std::allocator<HDDCProbe*> >&)+0x21) [0x7fda24b3e7b1]
/media/lite/DATA/A_Software/Xilinx/Vivado2016.03/Vivado/2016.3/lib/lnx64.o/librdi_labtools.so(LTDHWProbeUtils::getProbesForILA(HDDCProbeManager*, std::string const&, std::string const&, std::vector<HDDCProbe*, std::allocator<HDDCProbe*> >&, bool, bool, bool)+0x59) [0x7fda24b3e8e9]
/media/lite/DATA/A_Software/Xilinx/Vivado2016.03/Vivado/2016.3/lib/lnx64.o/librdi_labtools.so(LTDHWWaveImpl::updateProbeCache()+0xc0) [0x7fda24b9c2f0]
/media/lite/DATA/A_Software/Xilinx/Vivado2016.03/Vivado/2016.3/lib/lnx64.o/librdi_labtools.so(LTDHWWaveImpl::setIlaProbes(std::string const&, boost::shared_ptr<HDDCProbeCopyGroup>)+0x362) [0x7fda24b9df32]
/media/lite/DATA/A_Software/Xilinx/Vivado2016.03/Vivado/2016.3/lib/lnx64.o/librdi_labtoolstasks.so(+0x55e09f) [0x7fda0199a09f]
/media/lite/DATA/A_Software/Xilinx/Vivado2016.03/Vivado/2016.3/lib/lnx64.o/librdi_common.so(+0x5f8f57) [0x7fda51d84f57]
/media/lite/DATA/A_Software/Xilinx/Vivado2016.03/Vivado/2016.3/lib/lnx64.o/libtcl8.5.so(+0x331f5) [0x7fda4cc811f5]
/media/lite/DATA/A_Software/Xilinx/Vivado2016.03/Vivado/2016.3/lib/lnx64.o/libtcl8.5.so(+0x76bbe) [0x7fda4ccc4bbe]
/media/lite/DATA/A_Software/Xilinx/Vivado2016.03/Vivado/2016.3/lib/lnx64.o/libtcl8.5.so(TclObjInterpProcCore+0x2fb) [0x7fda4cd05b8b]
/media/lite/DATA/A_Software/Xilinx/Vivado2016.03/Vivado/2016.3/lib/lnx64.o/libtcl8.5.so(+0x331f5) [0x7fda4cc811f5]
/media/lite/DATA/A_Software/Xilinx/Vivado2016.03/Vivado/2016.3/lib/lnx64.o/libtcl8.5.so(+0x76bbe) [0x7fda4ccc4bbe]
/media/lite/DATA/A_Software/Xilinx/Vivado2016.03/Vivado/2016.3/lib/lnx64.o/libtcl8.5.so(+0x7e767) [0x7fda4cccc767]
/media/lite/DATA/A_Software/Xilinx/Vivado2016.03/Vivado/2016.3/lib/lnx64.o/libtcl8.5.so(TclEvalObjEx+0x77) [0x7fda4cc83327]
/media/lite/DATA/A_Software/Xilinx/Vivado2016.03/Vivado/2016.3/lib/lnx64.o/librdi_commontasks.so(+0x2d168f) [0x7fda48abd68f]
/media/lite/DATA/A_Software/Xilinx/Vivado2016.03/Vivado/2016.3/lib/lnx64.o/libtcl8.5.so(+0x331f5) [0x7fda4cc811f5]
/media/lite/DATA/A_Software/Xilinx/Vivado2016.03/Vivado/2016.3/lib/lnx64.o/libtcl8.5.so(+0x76bbe) [0x7fda4ccc4bbe]
/media/lite/DATA/A_Software/Xilinx/Vivado2016.03/Vivado/2016.3/lib/lnx64.o/libtcl8.5.so(TclObjInterpProcCore+0x2fb) [0x7fda4cd05b8b]
/media/lite/DATA/A_Software/Xilinx/Vivado2016.03/Vivado/2016.3/lib/lnx64.o/libtcl8.5.so(+0x331f5) [0x7fda4cc811f5]
/media/lite/DATA/A_Software/Xilinx/Vivado2016.03/Vivado/2016.3/lib/lnx64.o/libtcl8.5.so(+0x76bbe) [0x7fda4ccc4bbe]
/media/lite/DATA/A_Software/Xilinx/Vivado2016.03/Vivado/2016.3/lib/lnx64.o/libtcl8.5.so(+0x7e767) [0x7fda4cccc767]
/media/lite/DATA/A_Software/Xilinx/Vivado2016.03/Vivado/2016.3/lib/lnx64.o/libtcl8.5.so(TclEvalObjEx+0x77) [0x7fda4cc83327]
/media/lite/DATA/A_Software/Xilinx/Vivado2016.03/Vivado/2016.3/lib/lnx64.o/librdi_common.so(hdi::tcltasks::task_manager::eval_in_tcl(Tcl_Interp*, Tcl_Obj*, char const*, bool)+0x7fd) [0x7fda51d8691d]
/media/lite/DATA/A_Software/Xilinx/Vivado2016.03/Vivado/2016.3/lib/lnx64.o/librdi_labtools.so(LTDHWPlatformUtils::createAXIChannelProbes()+0x1f4) [0x7fda24b23294]
/media/lite/DATA/A_Software/Xilinx/Vivado2016.03/Vivado/2016.3/lib/lnx64.o/librdi_labtools.so(LTDHWProbeUpdater::doUpdateEdaProbes(LTDHWDevice*, std::vector<std::string, std::allocator<std::string> > const&, bool, HDDCProbeManager*, boost::shared_ptr<HDDCProbeCopyGroup>, std::string)+0xa1c) [0x7fda24b3a4cc]
/media/lite/DATA/A_Software/Xilinx/Vivado2016.03/Vivado/2016.3/lib/lnx64.o/librdi_labtools.so(LTDHWProbeUpdater::updateEdaProbes(LTDHWDevice*, std::vector<std::string, std::allocator<std::string> > const&, bool, HDDCProbeManager*, boost::shared_ptr<HDDCProbeCopyGroup>, std::string)+0x60) [0x7fda24b3b330]
/media/lite/DATA/A_Software/Xilinx/Vivado2016.03/Vivado/2016.3/lib/lnx64.o/librdi_labtools.so(LTDHWDevice::refreshProbes(bool, LTDHWWaveManager*, HDDCProbeManager*, boost::shared_ptr<HDDCProbeCopyGroup>)+0x183) [0x7fda24ac9783]
/media/lite/DATA/A_Software/Xilinx/Vivado2016.03/Vivado/2016.3/lib/lnx64.o/librdi_labtoolstasks.so(+0x5b2e84) [0x7fda019eee84]
/media/lite/DATA/A_Software/Xilinx/Vivado2016.03/Vivado/2016.3/lib/lnx64.o/librdi_common.so(+0x5f8f57) [0x7fda51d84f57]
/media/lite/DATA/A_Software/Xilinx/Vivado2016.03/Vivado/2016.3/lib/lnx64.o/libtcl8.5.so(+0x331f5) [0x7fda4cc811f5]
/media/lite/DATA/A_Software/Xilinx/Vivado2016.03/Vivado/2016.3/lib/lnx64.o/libtcl8.5.so(+0x76bbe) [0x7fda4ccc4bbe]
/media/lite/DATA/A_Software/Xilinx/Vivado2016.03/Vivado/2016.3/lib/lnx64.o/libtcl8.5.so(+0x7e767) [0x7fda4cccc767]
/media/lite/DATA/A_Software/Xilinx/Vivado2016.03/Vivado/2016.3/lib/lnx64.o/libtcl8.5.so(TclEvalObjEx+0x77) [0x7fda4cc83327]
/media/lite/DATA/A_Software/Xilinx/Vivado2016.03/Vivado/2016.3/lib/lnx64.o/librdi_common.so(+0x5f866c) [0x7fda51d8466c]
/media/lite/DATA/A_Software/Xilinx/Vivado2016.03/Vivado/2016.3/lib/lnx64.o/libtcl8.5.so(Tcl_ServiceEvent+0x87) [0x7fda4ccf5b37]
/media/lite/DATA/A_Software/Xilinx/Vivado2016.03/Vivado/2016.3/lib/lnx64.o/libtcl8.5.so(Tcl_DoOneEvent+0x129) [0x7fda4ccf5e69]
/media/lite/DATA/A_Software/Xilinx/Vivado2016.03/Vivado/2016.3/lib/lnx64.o/librdi_commontasks.so(+0x304aa5) [0x7fda48af0aa5]
/media/lite/DATA/A_Software/Xilinx/Vivado2016.03/Vivado/2016.3/lib/lnx64.o/librdi_commontasks.so(+0x30c28b) [0x7fda48af828b]
/media/lite/DATA/A_Software/Xilinx/Vivado2016.03/Vivado/2016.3/lib/lnx64.o/librdi_commontasks.so(+0x304d43) [0x7fda48af0d43]
/media/lite/DATA/A_Software/Xilinx/Vivado2016.03/Vivado/2016.3/lib/lnx64.o/librdi_common.so(+0x5f8f57) [0x7fda51d84f57]
/media/lite/DATA/A_Software/Xilinx/Vivado2016.03/Vivado/2016.3/lib/lnx64.o/libtcl8.5.so(+0x331f5) [0x7fda4cc811f5]
/media/lite/DATA/A_Software/Xilinx/Vivado2016.03/Vivado/2016.3/lib/lnx64.o/libtcl8.5.so(Tcl_EvalObjv+0x32) [0x7fda4cc817e2]
/media/lite/DATA/A_Software/Xilinx/Vivado2016.03/Vivado/2016.3/lib/lnx64.o/libtcl8.5.so(TclEvalObjEx+0x322) [0x7fda4cc835d2]
/media/lite/DATA/A_Software/Xilinx/Vivado2016.03/Vivado/2016.3/lib/lnx64.o/librdi_commonmain.so(+0x6430) [0x7fda51587430]
/media/lite/DATA/A_Software/Xilinx/Vivado2016.03/Vivado/2016.3/lib/lnx64.o/libtcl8.5.so(Tcl_Main+0x1d5) [0x7fda4ccee175]
/media/lite/DATA/A_Software/Xilinx/Vivado2016.03/Vivado/2016.3/lib/lnx64.o/librdi_common.so(+0x631d29) [0x7fda51dbdd29]
/lib/x86_64-linux-gnu/libpthread.so.0(+0x76ba) [0x7fda507806ba]
/lib/x86_64-linux-gnu/libc.so.6(clone+0x6d) [0x7fda50da641d]
