
*** Running vivado
    with args -log design_1_auto_pc_2.vds -m64 -product Vivado -mode batch -messageDb vivado.pb -notrace -source design_1_auto_pc_2.tcl


****** Vivado v2016.3 (64-bit)
  **** SW Build 1682563 on Mon Oct 10 19:07:26 MDT 2016
  **** IP Build 1681267 on Mon Oct 10 21:28:31 MDT 2016
    ** Copyright 1986-2016 Xilinx, Inc. All Rights Reserved.

source design_1_auto_pc_2.tcl -notrace
Starting RTL Elaboration : Time (s): cpu = 00:00:08 ; elapsed = 00:00:11 . Memory (MB): peak = 1106.828 ; gain = 194.301 ; free physical = 1810 ; free virtual = 12262
INFO: [Synth 8-638] synthesizing module 'design_1_auto_pc_2' [/media/lite/DATA/E_Dissertation/HPRTU/projects/eLinuxPrj/Prj/2-4_XADC_MultiChannels_Decimation_DMA/xadc_pynq/xadc_pynq.srcs/sources_1/bd/design_1/ip/design_1_auto_pc_2/synth/design_1_auto_pc_2.v:58]
INFO: [Synth 8-638] synthesizing module 'axi_protocol_converter_v2_1_10_axi_protocol_converter' [/media/lite/DATA/E_Dissertation/HPRTU/projects/eLinuxPrj/Prj/2-4_XADC_MultiChannels_Decimation_DMA/xadc_pynq/xadc_pynq.srcs/sources_1/bd/design_1/ipshared/4a8b/hdl/axi_protocol_converter_v2_1_vl_rfs.v:4806]
INFO: [Synth 8-638] synthesizing module 'axi_protocol_converter_v2_1_10_axi3_conv' [/media/lite/DATA/E_Dissertation/HPRTU/projects/eLinuxPrj/Prj/2-4_XADC_MultiChannels_Decimation_DMA/xadc_pynq/xadc_pynq.srcs/sources_1/bd/design_1/ipshared/4a8b/hdl/axi_protocol_converter_v2_1_vl_rfs.v:954]
INFO: [Synth 8-638] synthesizing module 'axi_protocol_converter_v2_1_10_b_downsizer' [/media/lite/DATA/E_Dissertation/HPRTU/projects/eLinuxPrj/Prj/2-4_XADC_MultiChannels_Decimation_DMA/xadc_pynq/xadc_pynq.srcs/sources_1/bd/design_1/ipshared/4a8b/hdl/axi_protocol_converter_v2_1_vl_rfs.v:2276]
INFO: [Synth 8-256] done synthesizing module 'axi_protocol_converter_v2_1_10_b_downsizer' (1#1) [/media/lite/DATA/E_Dissertation/HPRTU/projects/eLinuxPrj/Prj/2-4_XADC_MultiChannels_Decimation_DMA/xadc_pynq/xadc_pynq.srcs/sources_1/bd/design_1/ipshared/4a8b/hdl/axi_protocol_converter_v2_1_vl_rfs.v:2276]
INFO: [Synth 8-638] synthesizing module 'axi_protocol_converter_v2_1_10_a_axi3_conv' [/media/lite/DATA/E_Dissertation/HPRTU/projects/eLinuxPrj/Prj/2-4_XADC_MultiChannels_Decimation_DMA/xadc_pynq/xadc_pynq.srcs/sources_1/bd/design_1/ipshared/4a8b/hdl/axi_protocol_converter_v2_1_vl_rfs.v:62]
INFO: [Synth 8-638] synthesizing module 'axi_data_fifo_v2_1_9_axic_fifo' [/media/lite/DATA/E_Dissertation/HPRTU/projects/eLinuxPrj/Prj/2-4_XADC_MultiChannels_Decimation_DMA/xadc_pynq/xadc_pynq.srcs/sources_1/bd/design_1/ipshared/10b8/hdl/axi_data_fifo_v2_1_vl_rfs.v:64]
INFO: [Synth 8-638] synthesizing module 'axi_data_fifo_v2_1_9_fifo_gen' [/media/lite/DATA/E_Dissertation/HPRTU/projects/eLinuxPrj/Prj/2-4_XADC_MultiChannels_Decimation_DMA/xadc_pynq/xadc_pynq.srcs/sources_1/bd/design_1/ipshared/10b8/hdl/axi_data_fifo_v2_1_vl_rfs.v:168]
INFO: [Synth 8-256] done synthesizing module 'axi_data_fifo_v2_1_9_fifo_gen' (20#1) [/media/lite/DATA/E_Dissertation/HPRTU/projects/eLinuxPrj/Prj/2-4_XADC_MultiChannels_Decimation_DMA/xadc_pynq/xadc_pynq.srcs/sources_1/bd/design_1/ipshared/10b8/hdl/axi_data_fifo_v2_1_vl_rfs.v:168]
INFO: [Synth 8-256] done synthesizing module 'axi_data_fifo_v2_1_9_axic_fifo' (21#1) [/media/lite/DATA/E_Dissertation/HPRTU/projects/eLinuxPrj/Prj/2-4_XADC_MultiChannels_Decimation_DMA/xadc_pynq/xadc_pynq.srcs/sources_1/bd/design_1/ipshared/10b8/hdl/axi_data_fifo_v2_1_vl_rfs.v:64]
INFO: [Synth 8-256] done synthesizing module 'axi_protocol_converter_v2_1_10_a_axi3_conv' (22#1) [/media/lite/DATA/E_Dissertation/HPRTU/projects/eLinuxPrj/Prj/2-4_XADC_MultiChannels_Decimation_DMA/xadc_pynq/xadc_pynq.srcs/sources_1/bd/design_1/ipshared/4a8b/hdl/axi_protocol_converter_v2_1_vl_rfs.v:62]
INFO: [Synth 8-638] synthesizing module 'axi_protocol_converter_v2_1_10_w_axi3_conv' [/media/lite/DATA/E_Dissertation/HPRTU/projects/eLinuxPrj/Prj/2-4_XADC_MultiChannels_Decimation_DMA/xadc_pynq/xadc_pynq.srcs/sources_1/bd/design_1/ipshared/4a8b/hdl/axi_protocol_converter_v2_1_vl_rfs.v:2004]
INFO: [Synth 8-256] done synthesizing module 'axi_protocol_converter_v2_1_10_w_axi3_conv' (23#1) [/media/lite/DATA/E_Dissertation/HPRTU/projects/eLinuxPrj/Prj/2-4_XADC_MultiChannels_Decimation_DMA/xadc_pynq/xadc_pynq.srcs/sources_1/bd/design_1/ipshared/4a8b/hdl/axi_protocol_converter_v2_1_vl_rfs.v:2004]
INFO: [Synth 8-638] synthesizing module 'axi_protocol_converter_v2_1_10_a_axi3_conv__parameterized0' [/media/lite/DATA/E_Dissertation/HPRTU/projects/eLinuxPrj/Prj/2-4_XADC_MultiChannels_Decimation_DMA/xadc_pynq/xadc_pynq.srcs/sources_1/bd/design_1/ipshared/4a8b/hdl/axi_protocol_converter_v2_1_vl_rfs.v:62]
INFO: [Synth 8-638] synthesizing module 'axi_data_fifo_v2_1_9_axic_fifo__parameterized0' [/media/lite/DATA/E_Dissertation/HPRTU/projects/eLinuxPrj/Prj/2-4_XADC_MultiChannels_Decimation_DMA/xadc_pynq/xadc_pynq.srcs/sources_1/bd/design_1/ipshared/10b8/hdl/axi_data_fifo_v2_1_vl_rfs.v:64]
INFO: [Synth 8-638] synthesizing module 'axi_data_fifo_v2_1_9_fifo_gen__parameterized0' [/media/lite/DATA/E_Dissertation/HPRTU/projects/eLinuxPrj/Prj/2-4_XADC_MultiChannels_Decimation_DMA/xadc_pynq/xadc_pynq.srcs/sources_1/bd/design_1/ipshared/10b8/hdl/axi_data_fifo_v2_1_vl_rfs.v:168]
INFO: [Synth 8-256] done synthesizing module 'axi_data_fifo_v2_1_9_fifo_gen__parameterized0' (23#1) [/media/lite/DATA/E_Dissertation/HPRTU/projects/eLinuxPrj/Prj/2-4_XADC_MultiChannels_Decimation_DMA/xadc_pynq/xadc_pynq.srcs/sources_1/bd/design_1/ipshared/10b8/hdl/axi_data_fifo_v2_1_vl_rfs.v:168]
INFO: [Synth 8-256] done synthesizing module 'axi_data_fifo_v2_1_9_axic_fifo__parameterized0' (23#1) [/media/lite/DATA/E_Dissertation/HPRTU/projects/eLinuxPrj/Prj/2-4_XADC_MultiChannels_Decimation_DMA/xadc_pynq/xadc_pynq.srcs/sources_1/bd/design_1/ipshared/10b8/hdl/axi_data_fifo_v2_1_vl_rfs.v:64]
INFO: [Synth 8-256] done synthesizing module 'axi_protocol_converter_v2_1_10_a_axi3_conv__parameterized0' (23#1) [/media/lite/DATA/E_Dissertation/HPRTU/projects/eLinuxPrj/Prj/2-4_XADC_MultiChannels_Decimation_DMA/xadc_pynq/xadc_pynq.srcs/sources_1/bd/design_1/ipshared/4a8b/hdl/axi_protocol_converter_v2_1_vl_rfs.v:62]
INFO: [Synth 8-638] synthesizing module 'axi_protocol_converter_v2_1_10_r_axi3_conv' [/media/lite/DATA/E_Dissertation/HPRTU/projects/eLinuxPrj/Prj/2-4_XADC_MultiChannels_Decimation_DMA/xadc_pynq/xadc_pynq.srcs/sources_1/bd/design_1/ipshared/4a8b/hdl/axi_protocol_converter_v2_1_vl_rfs.v:1789]
INFO: [Synth 8-256] done synthesizing module 'axi_protocol_converter_v2_1_10_r_axi3_conv' (24#1) [/media/lite/DATA/E_Dissertation/HPRTU/projects/eLinuxPrj/Prj/2-4_XADC_MultiChannels_Decimation_DMA/xadc_pynq/xadc_pynq.srcs/sources_1/bd/design_1/ipshared/4a8b/hdl/axi_protocol_converter_v2_1_vl_rfs.v:1789]
INFO: [Synth 8-256] done synthesizing module 'axi_protocol_converter_v2_1_10_axi3_conv' (25#1) [/media/lite/DATA/E_Dissertation/HPRTU/projects/eLinuxPrj/Prj/2-4_XADC_MultiChannels_Decimation_DMA/xadc_pynq/xadc_pynq.srcs/sources_1/bd/design_1/ipshared/4a8b/hdl/axi_protocol_converter_v2_1_vl_rfs.v:954]
INFO: [Synth 8-256] done synthesizing module 'axi_protocol_converter_v2_1_10_axi_protocol_converter' (26#1) [/media/lite/DATA/E_Dissertation/HPRTU/projects/eLinuxPrj/Prj/2-4_XADC_MultiChannels_Decimation_DMA/xadc_pynq/xadc_pynq.srcs/sources_1/bd/design_1/ipshared/4a8b/hdl/axi_protocol_converter_v2_1_vl_rfs.v:4806]
INFO: [Synth 8-256] done synthesizing module 'design_1_auto_pc_2' (27#1) [/media/lite/DATA/E_Dissertation/HPRTU/projects/eLinuxPrj/Prj/2-4_XADC_MultiChannels_Decimation_DMA/xadc_pynq/xadc_pynq.srcs/sources_1/bd/design_1/ip/design_1_auto_pc_2/synth/design_1_auto_pc_2.v:58]
Finished RTL Elaboration : Time (s): cpu = 00:00:33 ; elapsed = 00:00:36 . Memory (MB): peak = 1230.297 ; gain = 317.770 ; free physical = 1024 ; free virtual = 11616
Finished RTL Optimization Phase 1 : Time (s): cpu = 00:00:33 ; elapsed = 00:00:36 . Memory (MB): peak = 1230.297 ; gain = 317.770 ; free physical = 1021 ; free virtual = 11615
INFO: [Device 21-403] Loading part xc7z020clg400-1
Constraint Validation Runtime : Time (s): cpu = 00:00:00.05 ; elapsed = 00:00:00.07 . Memory (MB): peak = 1539.133 ; gain = 0.000 ; free physical = 508 ; free virtual = 11141
Finished Constraint Validation : Time (s): cpu = 00:00:43 ; elapsed = 00:00:47 . Memory (MB): peak = 1539.133 ; gain = 626.605 ; free physical = 446 ; free virtual = 11087
Finished Loading Part and Timing Information : Time (s): cpu = 00:00:43 ; elapsed = 00:00:47 . Memory (MB): peak = 1539.133 ; gain = 626.605 ; free physical = 446 ; free virtual = 11087
Finished applying 'set_property' XDC Constraints : Time (s): cpu = 00:00:43 ; elapsed = 00:00:47 . Memory (MB): peak = 1539.133 ; gain = 626.605 ; free physical = 446 ; free virtual = 11087
Finished RTL Optimization Phase 2 : Time (s): cpu = 00:00:44 ; elapsed = 00:00:48 . Memory (MB): peak = 1539.133 ; gain = 626.605 ; free physical = 430 ; free virtual = 11071
Finished Cross Boundary and Area Optimization : Time (s): cpu = 00:00:47 ; elapsed = 00:00:51 . Memory (MB): peak = 1539.133 ; gain = 626.605 ; free physical = 343 ; free virtual = 10994
---------------------------------------------------------------------------------
Start ROM, RAM, DSP and Shift Register Reporting
---------------------------------------------------------------------------------

Distributed RAM: Preliminary Mapping  Report (see note below)
+-----------------------+-------------------------------------------------------------------------------+----------------+----------------------+----------------+
|Module Name            | RTL Object                                                                    | Inference      | Size (Depth x Width) | Primitives     | 
+-----------------------+-------------------------------------------------------------------------------+----------------+----------------------+----------------+
|fifo_generator_v13_1_2 | inst_fifo_gen/gconvfifo.rf/grf.rf/gntv_or_sync_fifo.mem/gdm.dm_gen.dm/RAM_reg | User Attribute | 32 x 5               | RAM32M x 1     | 
|fifo_generator_v13_1_2 | inst_fifo_gen/gconvfifo.rf/grf.rf/gntv_or_sync_fifo.mem/gdm.dm_gen.dm/RAM_reg | User Attribute | 32 x 5               | RAM32M x 1     | 
|fifo_generator_v13_1_2 | inst_fifo_gen/gconvfifo.rf/grf.rf/gntv_or_sync_fifo.mem/gdm.dm_gen.dm/RAM_reg | User Attribute | 32 x 1               | RAM32X1D x 1   | 
+-----------------------+-------------------------------------------------------------------------------+----------------+----------------------+----------------+

Note: The table above is a preliminary report that shows the Distributed RAMs at the current stage of the synthesis flow. Some Distributed RAMs may be reimplemented as non Distributed RAM primitives later in the synthesis flow. Multiple instantiated RAMs are reported only once.
---------------------------------------------------------------------------------
Finished ROM, RAM, DSP and Shift Register Reporting
---------------------------------------------------------------------------------
Finished Applying XDC Timing Constraints : Time (s): cpu = 00:00:54 ; elapsed = 00:00:58 . Memory (MB): peak = 1539.133 ; gain = 626.605 ; free physical = 135 ; free virtual = 10789
Finished Timing Optimization : Time (s): cpu = 00:00:54 ; elapsed = 00:00:58 . Memory (MB): peak = 1539.133 ; gain = 626.605 ; free physical = 145 ; free virtual = 10753
Finished Technology Mapping : Time (s): cpu = 00:00:55 ; elapsed = 00:00:59 . Memory (MB): peak = 1539.133 ; gain = 626.605 ; free physical = 157 ; free virtual = 10714
Finished IO Insertion : Time (s): cpu = 00:00:55 ; elapsed = 00:00:59 . Memory (MB): peak = 1539.133 ; gain = 626.605 ; free physical = 146 ; free virtual = 10703
Finished Renaming Generated Instances : Time (s): cpu = 00:00:55 ; elapsed = 00:00:59 . Memory (MB): peak = 1539.133 ; gain = 626.605 ; free physical = 146 ; free virtual = 10703
Finished Rebuilding User Hierarchy : Time (s): cpu = 00:00:55 ; elapsed = 00:00:59 . Memory (MB): peak = 1539.133 ; gain = 626.605 ; free physical = 129 ; free virtual = 10686
Finished Renaming Generated Ports : Time (s): cpu = 00:00:55 ; elapsed = 00:00:59 . Memory (MB): peak = 1539.133 ; gain = 626.605 ; free physical = 128 ; free virtual = 10685
Finished Handling Custom Attributes : Time (s): cpu = 00:00:55 ; elapsed = 00:01:00 . Memory (MB): peak = 1539.133 ; gain = 626.605 ; free physical = 124 ; free virtual = 10682
Finished Renaming Generated Nets : Time (s): cpu = 00:00:55 ; elapsed = 00:01:00 . Memory (MB): peak = 1539.133 ; gain = 626.605 ; free physical = 124 ; free virtual = 10682

Report Cell Usage: 
+------+---------+------+
|      |Cell     |Count |
+------+---------+------+
|1     |CARRY4   |    16|
|2     |LUT1     |    20|
|3     |LUT2     |    48|
|4     |LUT3     |    54|
|5     |LUT4     |    73|
|6     |LUT5     |   159|
|7     |LUT6     |    79|
|8     |RAM32M   |     2|
|9     |RAM32X1D |     1|
|10    |FDCE     |    69|
|11    |FDPE     |    63|
|12    |FDRE     |   335|
|13    |FDSE     |     5|
+------+---------+------+
Finished Writing Synthesis Report : Time (s): cpu = 00:00:55 ; elapsed = 00:01:00 . Memory (MB): peak = 1539.133 ; gain = 626.605 ; free physical = 124 ; free virtual = 10682
synth_design: Time (s): cpu = 00:00:55 ; elapsed = 00:00:59 . Memory (MB): peak = 1539.133 ; gain = 519.887 ; free physical = 159 ; free virtual = 10659
