
*** Running vivado
    with args -log design_1_xbar_1.vds -m64 -product Vivado -mode batch -messageDb vivado.pb -notrace -source design_1_xbar_1.tcl


****** Vivado v2016.3 (64-bit)
  **** SW Build 1682563 on Mon Oct 10 19:07:26 MDT 2016
  **** IP Build 1681267 on Mon Oct 10 21:28:31 MDT 2016
    ** Copyright 1986-2016 Xilinx, Inc. All Rights Reserved.

source design_1_xbar_1.tcl -notrace
Starting RTL Elaboration : Time (s): cpu = 00:00:14 ; elapsed = 00:00:14 . Memory (MB): peak = 1116.840 ; gain = 204.301 ; free physical = 777 ; free virtual = 9455
INFO: [Synth 8-638] synthesizing module 'design_1_xbar_1' [/media/lite/DATA/E_Dissertation/HPRTU/projects/eLinuxPrj/Prj/2-4_XADC_MultiChannels_Decimation_DMA/xadc_pynq/xadc_pynq.srcs/sources_1/bd/design_1/ip/design_1_xbar_1/synth/design_1_xbar_1.v:59]
INFO: [Synth 8-638] synthesizing module 'axi_crossbar_v2_1_11_axi_crossbar' [/media/lite/DATA/E_Dissertation/HPRTU/projects/eLinuxPrj/Prj/2-4_XADC_MultiChannels_Decimation_DMA/xadc_pynq/xadc_pynq.srcs/sources_1/bd/design_1/ipshared/d552/hdl/axi_crossbar_v2_1_vl_rfs.v:4882]
INFO: [Synth 8-638] synthesizing module 'axi_crossbar_v2_1_11_crossbar' [/media/lite/DATA/E_Dissertation/HPRTU/projects/eLinuxPrj/Prj/2-4_XADC_MultiChannels_Decimation_DMA/xadc_pynq/xadc_pynq.srcs/sources_1/bd/design_1/ipshared/d552/hdl/axi_crossbar_v2_1_vl_rfs.v:2239]
INFO: [Synth 8-638] synthesizing module 'axi_crossbar_v2_1_11_si_transactor' [/media/lite/DATA/E_Dissertation/HPRTU/projects/eLinuxPrj/Prj/2-4_XADC_MultiChannels_Decimation_DMA/xadc_pynq/xadc_pynq.srcs/sources_1/bd/design_1/ipshared/d552/hdl/axi_crossbar_v2_1_vl_rfs.v:3798]
INFO: [Synth 8-638] synthesizing module 'axi_crossbar_v2_1_11_addr_decoder' [/media/lite/DATA/E_Dissertation/HPRTU/projects/eLinuxPrj/Prj/2-4_XADC_MultiChannels_Decimation_DMA/xadc_pynq/xadc_pynq.srcs/sources_1/bd/design_1/ipshared/d552/hdl/axi_crossbar_v2_1_vl_rfs.v:794]
INFO: [Synth 8-638] synthesizing module 'generic_baseblocks_v2_1_0_comparator_static' [/media/lite/DATA/E_Dissertation/HPRTU/projects/eLinuxPrj/Prj/2-4_XADC_MultiChannels_Decimation_DMA/xadc_pynq/xadc_pynq.srcs/sources_1/bd/design_1/ipshared/7ee0/hdl/generic_baseblocks_v2_1_vl_rfs.v:2133]
INFO: [Synth 8-638] synthesizing module 'generic_baseblocks_v2_1_0_carry_and' [/media/lite/DATA/E_Dissertation/HPRTU/projects/eLinuxPrj/Prj/2-4_XADC_MultiChannels_Decimation_DMA/xadc_pynq/xadc_pynq.srcs/sources_1/bd/design_1/ipshared/7ee0/hdl/generic_baseblocks_v2_1_vl_rfs.v:62]
INFO: [Synth 8-256] done synthesizing module 'generic_baseblocks_v2_1_0_carry_and' (1#1) [/media/lite/DATA/E_Dissertation/HPRTU/projects/eLinuxPrj/Prj/2-4_XADC_MultiChannels_Decimation_DMA/xadc_pynq/xadc_pynq.srcs/sources_1/bd/design_1/ipshared/7ee0/hdl/generic_baseblocks_v2_1_vl_rfs.v:62]
INFO: [Synth 8-256] done synthesizing module 'generic_baseblocks_v2_1_0_comparator_static' (2#1) [/media/lite/DATA/E_Dissertation/HPRTU/projects/eLinuxPrj/Prj/2-4_XADC_MultiChannels_Decimation_DMA/xadc_pynq/xadc_pynq.srcs/sources_1/bd/design_1/ipshared/7ee0/hdl/generic_baseblocks_v2_1_vl_rfs.v:2133]
INFO: [Synth 8-256] done synthesizing module 'axi_crossbar_v2_1_11_addr_decoder' (3#1) [/media/lite/DATA/E_Dissertation/HPRTU/projects/eLinuxPrj/Prj/2-4_XADC_MultiChannels_Decimation_DMA/xadc_pynq/xadc_pynq.srcs/sources_1/bd/design_1/ipshared/d552/hdl/axi_crossbar_v2_1_vl_rfs.v:794]
INFO: [Synth 8-638] synthesizing module 'axi_data_fifo_v2_1_9_axic_srl_fifo' [/media/lite/DATA/E_Dissertation/HPRTU/projects/eLinuxPrj/Prj/2-4_XADC_MultiChannels_Decimation_DMA/xadc_pynq/xadc_pynq.srcs/sources_1/bd/design_1/ipshared/10b8/hdl/axi_data_fifo_v2_1_vl_rfs.v:698]
INFO: [Synth 8-638] synthesizing module 'axi_data_fifo_v2_1_9_ndeep_srl' [/media/lite/DATA/E_Dissertation/HPRTU/projects/eLinuxPrj/Prj/2-4_XADC_MultiChannels_Decimation_DMA/xadc_pynq/xadc_pynq.srcs/sources_1/bd/design_1/ipshared/10b8/hdl/axi_data_fifo_v2_1_vl_rfs.v:1134]
INFO: [Synth 8-638] synthesizing module 'SRLC32E' [/media/lite/DATA/A_Software/Xilinx/Vivado2016.03/Vivado/2016.3/scripts/rt/data/unisim_comp.v:43478]
INFO: [Synth 8-256] done synthesizing module 'SRLC32E' (4#1) [/media/lite/DATA/A_Software/Xilinx/Vivado2016.03/Vivado/2016.3/scripts/rt/data/unisim_comp.v:43478]
INFO: [Synth 8-256] done synthesizing module 'axi_data_fifo_v2_1_9_ndeep_srl' (5#1) [/media/lite/DATA/E_Dissertation/HPRTU/projects/eLinuxPrj/Prj/2-4_XADC_MultiChannels_Decimation_DMA/xadc_pynq/xadc_pynq.srcs/sources_1/bd/design_1/ipshared/10b8/hdl/axi_data_fifo_v2_1_vl_rfs.v:1134]
INFO: [Synth 8-256] done synthesizing module 'axi_data_fifo_v2_1_9_axic_srl_fifo' (6#1) [/media/lite/DATA/E_Dissertation/HPRTU/projects/eLinuxPrj/Prj/2-4_XADC_MultiChannels_Decimation_DMA/xadc_pynq/xadc_pynq.srcs/sources_1/bd/design_1/ipshared/10b8/hdl/axi_data_fifo_v2_1_vl_rfs.v:698]
INFO: [Synth 8-638] synthesizing module 'generic_baseblocks_v2_1_0_mux_enc' [/media/lite/DATA/E_Dissertation/HPRTU/projects/eLinuxPrj/Prj/2-4_XADC_MultiChannels_Decimation_DMA/xadc_pynq/xadc_pynq.srcs/sources_1/bd/design_1/ipshared/7ee0/hdl/generic_baseblocks_v2_1_vl_rfs.v:2452]
INFO: [Synth 8-256] done synthesizing module 'generic_baseblocks_v2_1_0_mux_enc' (7#1) [/media/lite/DATA/E_Dissertation/HPRTU/projects/eLinuxPrj/Prj/2-4_XADC_MultiChannels_Decimation_DMA/xadc_pynq/xadc_pynq.srcs/sources_1/bd/design_1/ipshared/7ee0/hdl/generic_baseblocks_v2_1_vl_rfs.v:2452]
INFO: [Synth 8-256] done synthesizing module 'axi_crossbar_v2_1_11_si_transactor' (8#1) [/media/lite/DATA/E_Dissertation/HPRTU/projects/eLinuxPrj/Prj/2-4_XADC_MultiChannels_Decimation_DMA/xadc_pynq/xadc_pynq.srcs/sources_1/bd/design_1/ipshared/d552/hdl/axi_crossbar_v2_1_vl_rfs.v:3798]
INFO: [Synth 8-638] synthesizing module 'axi_crossbar_v2_1_11_si_transactor__parameterized0' [/media/lite/DATA/E_Dissertation/HPRTU/projects/eLinuxPrj/Prj/2-4_XADC_MultiChannels_Decimation_DMA/xadc_pynq/xadc_pynq.srcs/sources_1/bd/design_1/ipshared/d552/hdl/axi_crossbar_v2_1_vl_rfs.v:3798]
INFO: [Synth 8-638] synthesizing module 'generic_baseblocks_v2_1_0_mux_enc__parameterized0' [/media/lite/DATA/E_Dissertation/HPRTU/projects/eLinuxPrj/Prj/2-4_XADC_MultiChannels_Decimation_DMA/xadc_pynq/xadc_pynq.srcs/sources_1/bd/design_1/ipshared/7ee0/hdl/generic_baseblocks_v2_1_vl_rfs.v:2452]
INFO: [Synth 8-256] done synthesizing module 'generic_baseblocks_v2_1_0_mux_enc__parameterized0' (8#1) [/media/lite/DATA/E_Dissertation/HPRTU/projects/eLinuxPrj/Prj/2-4_XADC_MultiChannels_Decimation_DMA/xadc_pynq/xadc_pynq.srcs/sources_1/bd/design_1/ipshared/7ee0/hdl/generic_baseblocks_v2_1_vl_rfs.v:2452]
INFO: [Synth 8-256] done synthesizing module 'axi_crossbar_v2_1_11_si_transactor__parameterized0' (8#1) [/media/lite/DATA/E_Dissertation/HPRTU/projects/eLinuxPrj/Prj/2-4_XADC_MultiChannels_Decimation_DMA/xadc_pynq/xadc_pynq.srcs/sources_1/bd/design_1/ipshared/d552/hdl/axi_crossbar_v2_1_vl_rfs.v:3798]
INFO: [Synth 8-638] synthesizing module 'axi_crossbar_v2_1_11_splitter' [/media/lite/DATA/E_Dissertation/HPRTU/projects/eLinuxPrj/Prj/2-4_XADC_MultiChannels_Decimation_DMA/xadc_pynq/xadc_pynq.srcs/sources_1/bd/design_1/ipshared/d552/hdl/axi_crossbar_v2_1_vl_rfs.v:4459]
INFO: [Synth 8-256] done synthesizing module 'axi_crossbar_v2_1_11_splitter' (9#1) [/media/lite/DATA/E_Dissertation/HPRTU/projects/eLinuxPrj/Prj/2-4_XADC_MultiChannels_Decimation_DMA/xadc_pynq/xadc_pynq.srcs/sources_1/bd/design_1/ipshared/d552/hdl/axi_crossbar_v2_1_vl_rfs.v:4459]
INFO: [Synth 8-638] synthesizing module 'axi_crossbar_v2_1_11_wdata_router' [/media/lite/DATA/E_Dissertation/HPRTU/projects/eLinuxPrj/Prj/2-4_XADC_MultiChannels_Decimation_DMA/xadc_pynq/xadc_pynq.srcs/sources_1/bd/design_1/ipshared/d552/hdl/axi_crossbar_v2_1_vl_rfs.v:4734]
INFO: [Synth 8-638] synthesizing module 'axi_data_fifo_v2_1_9_axic_reg_srl_fifo' [/media/lite/DATA/E_Dissertation/HPRTU/projects/eLinuxPrj/Prj/2-4_XADC_MultiChannels_Decimation_DMA/xadc_pynq/xadc_pynq.srcs/sources_1/bd/design_1/ipshared/10b8/hdl/axi_data_fifo_v2_1_vl_rfs.v:889]
INFO: [Synth 8-256] done synthesizing module 'axi_data_fifo_v2_1_9_axic_reg_srl_fifo' (10#1) [/media/lite/DATA/E_Dissertation/HPRTU/projects/eLinuxPrj/Prj/2-4_XADC_MultiChannels_Decimation_DMA/xadc_pynq/xadc_pynq.srcs/sources_1/bd/design_1/ipshared/10b8/hdl/axi_data_fifo_v2_1_vl_rfs.v:889]
INFO: [Synth 8-256] done synthesizing module 'axi_crossbar_v2_1_11_wdata_router' (11#1) [/media/lite/DATA/E_Dissertation/HPRTU/projects/eLinuxPrj/Prj/2-4_XADC_MultiChannels_Decimation_DMA/xadc_pynq/xadc_pynq.srcs/sources_1/bd/design_1/ipshared/d552/hdl/axi_crossbar_v2_1_vl_rfs.v:4734]
INFO: [Synth 8-638] synthesizing module 'axi_crossbar_v2_1_11_si_transactor__parameterized1' [/media/lite/DATA/E_Dissertation/HPRTU/projects/eLinuxPrj/Prj/2-4_XADC_MultiChannels_Decimation_DMA/xadc_pynq/xadc_pynq.srcs/sources_1/bd/design_1/ipshared/d552/hdl/axi_crossbar_v2_1_vl_rfs.v:3798]
INFO: [Synth 8-638] synthesizing module 'generic_baseblocks_v2_1_0_mux_enc__parameterized1' [/media/lite/DATA/E_Dissertation/HPRTU/projects/eLinuxPrj/Prj/2-4_XADC_MultiChannels_Decimation_DMA/xadc_pynq/xadc_pynq.srcs/sources_1/bd/design_1/ipshared/7ee0/hdl/generic_baseblocks_v2_1_vl_rfs.v:2452]
INFO: [Synth 8-256] done synthesizing module 'generic_baseblocks_v2_1_0_mux_enc__parameterized1' (11#1) [/media/lite/DATA/E_Dissertation/HPRTU/projects/eLinuxPrj/Prj/2-4_XADC_MultiChannels_Decimation_DMA/xadc_pynq/xadc_pynq.srcs/sources_1/bd/design_1/ipshared/7ee0/hdl/generic_baseblocks_v2_1_vl_rfs.v:2452]
INFO: [Synth 8-256] done synthesizing module 'axi_crossbar_v2_1_11_si_transactor__parameterized1' (11#1) [/media/lite/DATA/E_Dissertation/HPRTU/projects/eLinuxPrj/Prj/2-4_XADC_MultiChannels_Decimation_DMA/xadc_pynq/xadc_pynq.srcs/sources_1/bd/design_1/ipshared/d552/hdl/axi_crossbar_v2_1_vl_rfs.v:3798]
INFO: [Synth 8-638] synthesizing module 'axi_crossbar_v2_1_11_addr_decoder__parameterized0' [/media/lite/DATA/E_Dissertation/HPRTU/projects/eLinuxPrj/Prj/2-4_XADC_MultiChannels_Decimation_DMA/xadc_pynq/xadc_pynq.srcs/sources_1/bd/design_1/ipshared/d552/hdl/axi_crossbar_v2_1_vl_rfs.v:794]
INFO: [Synth 8-256] done synthesizing module 'axi_crossbar_v2_1_11_addr_decoder__parameterized0' (11#1) [/media/lite/DATA/E_Dissertation/HPRTU/projects/eLinuxPrj/Prj/2-4_XADC_MultiChannels_Decimation_DMA/xadc_pynq/xadc_pynq.srcs/sources_1/bd/design_1/ipshared/d552/hdl/axi_crossbar_v2_1_vl_rfs.v:794]
INFO: [Synth 8-638] synthesizing module 'axi_crossbar_v2_1_11_addr_decoder__parameterized1' [/media/lite/DATA/E_Dissertation/HPRTU/projects/eLinuxPrj/Prj/2-4_XADC_MultiChannels_Decimation_DMA/xadc_pynq/xadc_pynq.srcs/sources_1/bd/design_1/ipshared/d552/hdl/axi_crossbar_v2_1_vl_rfs.v:794]
INFO: [Synth 8-256] done synthesizing module 'axi_crossbar_v2_1_11_addr_decoder__parameterized1' (11#1) [/media/lite/DATA/E_Dissertation/HPRTU/projects/eLinuxPrj/Prj/2-4_XADC_MultiChannels_Decimation_DMA/xadc_pynq/xadc_pynq.srcs/sources_1/bd/design_1/ipshared/d552/hdl/axi_crossbar_v2_1_vl_rfs.v:794]
INFO: [Synth 8-638] synthesizing module 'axi_data_fifo_v2_1_9_axic_srl_fifo__parameterized0' [/media/lite/DATA/E_Dissertation/HPRTU/projects/eLinuxPrj/Prj/2-4_XADC_MultiChannels_Decimation_DMA/xadc_pynq/xadc_pynq.srcs/sources_1/bd/design_1/ipshared/10b8/hdl/axi_data_fifo_v2_1_vl_rfs.v:698]
INFO: [Synth 8-638] synthesizing module 'axi_data_fifo_v2_1_9_ndeep_srl__parameterized0' [/media/lite/DATA/E_Dissertation/HPRTU/projects/eLinuxPrj/Prj/2-4_XADC_MultiChannels_Decimation_DMA/xadc_pynq/xadc_pynq.srcs/sources_1/bd/design_1/ipshared/10b8/hdl/axi_data_fifo_v2_1_vl_rfs.v:1134]
INFO: [Synth 8-256] done synthesizing module 'axi_data_fifo_v2_1_9_ndeep_srl__parameterized0' (11#1) [/media/lite/DATA/E_Dissertation/HPRTU/projects/eLinuxPrj/Prj/2-4_XADC_MultiChannels_Decimation_DMA/xadc_pynq/xadc_pynq.srcs/sources_1/bd/design_1/ipshared/10b8/hdl/axi_data_fifo_v2_1_vl_rfs.v:1134]
INFO: [Synth 8-638] synthesizing module 'axi_data_fifo_v2_1_9_ndeep_srl__parameterized1' [/media/lite/DATA/E_Dissertation/HPRTU/projects/eLinuxPrj/Prj/2-4_XADC_MultiChannels_Decimation_DMA/xadc_pynq/xadc_pynq.srcs/sources_1/bd/design_1/ipshared/10b8/hdl/axi_data_fifo_v2_1_vl_rfs.v:1134]
INFO: [Synth 8-256] done synthesizing module 'axi_data_fifo_v2_1_9_ndeep_srl__parameterized1' (11#1) [/media/lite/DATA/E_Dissertation/HPRTU/projects/eLinuxPrj/Prj/2-4_XADC_MultiChannels_Decimation_DMA/xadc_pynq/xadc_pynq.srcs/sources_1/bd/design_1/ipshared/10b8/hdl/axi_data_fifo_v2_1_vl_rfs.v:1134]
INFO: [Synth 8-638] synthesizing module 'axi_data_fifo_v2_1_9_ndeep_srl__parameterized2' [/media/lite/DATA/E_Dissertation/HPRTU/projects/eLinuxPrj/Prj/2-4_XADC_MultiChannels_Decimation_DMA/xadc_pynq/xadc_pynq.srcs/sources_1/bd/design_1/ipshared/10b8/hdl/axi_data_fifo_v2_1_vl_rfs.v:1134]
INFO: [Synth 8-256] done synthesizing module 'axi_data_fifo_v2_1_9_ndeep_srl__parameterized2' (11#1) [/media/lite/DATA/E_Dissertation/HPRTU/projects/eLinuxPrj/Prj/2-4_XADC_MultiChannels_Decimation_DMA/xadc_pynq/xadc_pynq.srcs/sources_1/bd/design_1/ipshared/10b8/hdl/axi_data_fifo_v2_1_vl_rfs.v:1134]
INFO: [Synth 8-638] synthesizing module 'axi_data_fifo_v2_1_9_ndeep_srl__parameterized3' [/media/lite/DATA/E_Dissertation/HPRTU/projects/eLinuxPrj/Prj/2-4_XADC_MultiChannels_Decimation_DMA/xadc_pynq/xadc_pynq.srcs/sources_1/bd/design_1/ipshared/10b8/hdl/axi_data_fifo_v2_1_vl_rfs.v:1134]
INFO: [Synth 8-256] done synthesizing module 'axi_data_fifo_v2_1_9_ndeep_srl__parameterized3' (11#1) [/media/lite/DATA/E_Dissertation/HPRTU/projects/eLinuxPrj/Prj/2-4_XADC_MultiChannels_Decimation_DMA/xadc_pynq/xadc_pynq.srcs/sources_1/bd/design_1/ipshared/10b8/hdl/axi_data_fifo_v2_1_vl_rfs.v:1134]
INFO: [Synth 8-638] synthesizing module 'axi_data_fifo_v2_1_9_ndeep_srl__parameterized4' [/media/lite/DATA/E_Dissertation/HPRTU/projects/eLinuxPrj/Prj/2-4_XADC_MultiChannels_Decimation_DMA/xadc_pynq/xadc_pynq.srcs/sources_1/bd/design_1/ipshared/10b8/hdl/axi_data_fifo_v2_1_vl_rfs.v:1134]
INFO: [Synth 8-256] done synthesizing module 'axi_data_fifo_v2_1_9_ndeep_srl__parameterized4' (11#1) [/media/lite/DATA/E_Dissertation/HPRTU/projects/eLinuxPrj/Prj/2-4_XADC_MultiChannels_Decimation_DMA/xadc_pynq/xadc_pynq.srcs/sources_1/bd/design_1/ipshared/10b8/hdl/axi_data_fifo_v2_1_vl_rfs.v:1134]
INFO: [Synth 8-638] synthesizing module 'axi_data_fifo_v2_1_9_ndeep_srl__parameterized5' [/media/lite/DATA/E_Dissertation/HPRTU/projects/eLinuxPrj/Prj/2-4_XADC_MultiChannels_Decimation_DMA/xadc_pynq/xadc_pynq.srcs/sources_1/bd/design_1/ipshared/10b8/hdl/axi_data_fifo_v2_1_vl_rfs.v:1134]
INFO: [Synth 8-256] done synthesizing module 'axi_data_fifo_v2_1_9_ndeep_srl__parameterized5' (11#1) [/media/lite/DATA/E_Dissertation/HPRTU/projects/eLinuxPrj/Prj/2-4_XADC_MultiChannels_Decimation_DMA/xadc_pynq/xadc_pynq.srcs/sources_1/bd/design_1/ipshared/10b8/hdl/axi_data_fifo_v2_1_vl_rfs.v:1134]
INFO: [Synth 8-638] synthesizing module 'axi_data_fifo_v2_1_9_ndeep_srl__parameterized6' [/media/lite/DATA/E_Dissertation/HPRTU/projects/eLinuxPrj/Prj/2-4_XADC_MultiChannels_Decimation_DMA/xadc_pynq/xadc_pynq.srcs/sources_1/bd/design_1/ipshared/10b8/hdl/axi_data_fifo_v2_1_vl_rfs.v:1134]
INFO: [Synth 8-256] done synthesizing module 'axi_data_fifo_v2_1_9_ndeep_srl__parameterized6' (11#1) [/media/lite/DATA/E_Dissertation/HPRTU/projects/eLinuxPrj/Prj/2-4_XADC_MultiChannels_Decimation_DMA/xadc_pynq/xadc_pynq.srcs/sources_1/bd/design_1/ipshared/10b8/hdl/axi_data_fifo_v2_1_vl_rfs.v:1134]
INFO: [Synth 8-638] synthesizing module 'axi_data_fifo_v2_1_9_ndeep_srl__parameterized7' [/media/lite/DATA/E_Dissertation/HPRTU/projects/eLinuxPrj/Prj/2-4_XADC_MultiChannels_Decimation_DMA/xadc_pynq/xadc_pynq.srcs/sources_1/bd/design_1/ipshared/10b8/hdl/axi_data_fifo_v2_1_vl_rfs.v:1134]
INFO: [Synth 8-256] done synthesizing module 'axi_data_fifo_v2_1_9_ndeep_srl__parameterized7' (11#1) [/media/lite/DATA/E_Dissertation/HPRTU/projects/eLinuxPrj/Prj/2-4_XADC_MultiChannels_Decimation_DMA/xadc_pynq/xadc_pynq.srcs/sources_1/bd/design_1/ipshared/10b8/hdl/axi_data_fifo_v2_1_vl_rfs.v:1134]
INFO: [Synth 8-256] done synthesizing module 'axi_data_fifo_v2_1_9_axic_srl_fifo__parameterized0' (11#1) [/media/lite/DATA/E_Dissertation/HPRTU/projects/eLinuxPrj/Prj/2-4_XADC_MultiChannels_Decimation_DMA/xadc_pynq/xadc_pynq.srcs/sources_1/bd/design_1/ipshared/10b8/hdl/axi_data_fifo_v2_1_vl_rfs.v:698]
INFO: [Synth 8-638] synthesizing module 'axi_crossbar_v2_1_11_wdata_mux' [/media/lite/DATA/E_Dissertation/HPRTU/projects/eLinuxPrj/Prj/2-4_XADC_MultiChannels_Decimation_DMA/xadc_pynq/xadc_pynq.srcs/sources_1/bd/design_1/ipshared/d552/hdl/axi_crossbar_v2_1_vl_rfs.v:4559]
INFO: [Synth 8-638] synthesizing module 'axi_data_fifo_v2_1_9_axic_reg_srl_fifo__parameterized0' [/media/lite/DATA/E_Dissertation/HPRTU/projects/eLinuxPrj/Prj/2-4_XADC_MultiChannels_Decimation_DMA/xadc_pynq/xadc_pynq.srcs/sources_1/bd/design_1/ipshared/10b8/hdl/axi_data_fifo_v2_1_vl_rfs.v:889]
INFO: [Synth 8-638] synthesizing module 'axi_data_fifo_v2_1_9_ndeep_srl__parameterized8' [/media/lite/DATA/E_Dissertation/HPRTU/projects/eLinuxPrj/Prj/2-4_XADC_MultiChannels_Decimation_DMA/xadc_pynq/xadc_pynq.srcs/sources_1/bd/design_1/ipshared/10b8/hdl/axi_data_fifo_v2_1_vl_rfs.v:1134]
INFO: [Synth 8-256] done synthesizing module 'axi_data_fifo_v2_1_9_ndeep_srl__parameterized8' (11#1) [/media/lite/DATA/E_Dissertation/HPRTU/projects/eLinuxPrj/Prj/2-4_XADC_MultiChannels_Decimation_DMA/xadc_pynq/xadc_pynq.srcs/sources_1/bd/design_1/ipshared/10b8/hdl/axi_data_fifo_v2_1_vl_rfs.v:1134]
INFO: [Synth 8-256] done synthesizing module 'axi_data_fifo_v2_1_9_axic_reg_srl_fifo__parameterized0' (11#1) [/media/lite/DATA/E_Dissertation/HPRTU/projects/eLinuxPrj/Prj/2-4_XADC_MultiChannels_Decimation_DMA/xadc_pynq/xadc_pynq.srcs/sources_1/bd/design_1/ipshared/10b8/hdl/axi_data_fifo_v2_1_vl_rfs.v:889]
INFO: [Synth 8-638] synthesizing module 'generic_baseblocks_v2_1_0_mux_enc__parameterized2' [/media/lite/DATA/E_Dissertation/HPRTU/projects/eLinuxPrj/Prj/2-4_XADC_MultiChannels_Decimation_DMA/xadc_pynq/xadc_pynq.srcs/sources_1/bd/design_1/ipshared/7ee0/hdl/generic_baseblocks_v2_1_vl_rfs.v:2452]
INFO: [Synth 8-256] done synthesizing module 'generic_baseblocks_v2_1_0_mux_enc__parameterized2' (11#1) [/media/lite/DATA/E_Dissertation/HPRTU/projects/eLinuxPrj/Prj/2-4_XADC_MultiChannels_Decimation_DMA/xadc_pynq/xadc_pynq.srcs/sources_1/bd/design_1/ipshared/7ee0/hdl/generic_baseblocks_v2_1_vl_rfs.v:2452]
INFO: [Synth 8-256] done synthesizing module 'axi_crossbar_v2_1_11_wdata_mux' (12#1) [/media/lite/DATA/E_Dissertation/HPRTU/projects/eLinuxPrj/Prj/2-4_XADC_MultiChannels_Decimation_DMA/xadc_pynq/xadc_pynq.srcs/sources_1/bd/design_1/ipshared/d552/hdl/axi_crossbar_v2_1_vl_rfs.v:4559]
INFO: [Synth 8-638] synthesizing module 'axi_register_slice_v2_1_10_axi_register_slice' [/media/lite/DATA/E_Dissertation/HPRTU/projects/eLinuxPrj/Prj/2-4_XADC_MultiChannels_Decimation_DMA/xadc_pynq/xadc_pynq.srcs/sources_1/bd/design_1/ipshared/7efe/hdl/axi_register_slice_v2_1_vl_rfs.v:791]
INFO: [Synth 8-638] synthesizing module 'axi_infrastructure_v1_1_0_axi2vector' [/media/lite/DATA/E_Dissertation/HPRTU/projects/eLinuxPrj/Prj/2-4_XADC_MultiChannels_Decimation_DMA/xadc_pynq/xadc_pynq.srcs/sources_1/bd/design_1/ipshared/7e3a/hdl/axi_infrastructure_v1_1_vl_rfs.v:60]
INFO: [Synth 8-256] done synthesizing module 'axi_infrastructure_v1_1_0_axi2vector' (13#1) [/media/lite/DATA/E_Dissertation/HPRTU/projects/eLinuxPrj/Prj/2-4_XADC_MultiChannels_Decimation_DMA/xadc_pynq/xadc_pynq.srcs/sources_1/bd/design_1/ipshared/7e3a/hdl/axi_infrastructure_v1_1_vl_rfs.v:60]
INFO: [Synth 8-638] synthesizing module 'axi_register_slice_v2_1_10_axic_register_slice' [/media/lite/DATA/E_Dissertation/HPRTU/projects/eLinuxPrj/Prj/2-4_XADC_MultiChannels_Decimation_DMA/xadc_pynq/xadc_pynq.srcs/sources_1/bd/design_1/ipshared/7efe/hdl/axi_register_slice_v2_1_vl_rfs.v:85]
INFO: [Synth 8-256] done synthesizing module 'axi_register_slice_v2_1_10_axic_register_slice' (14#1) [/media/lite/DATA/E_Dissertation/HPRTU/projects/eLinuxPrj/Prj/2-4_XADC_MultiChannels_Decimation_DMA/xadc_pynq/xadc_pynq.srcs/sources_1/bd/design_1/ipshared/7efe/hdl/axi_register_slice_v2_1_vl_rfs.v:85]
INFO: [Synth 8-638] synthesizing module 'axi_register_slice_v2_1_10_axic_register_slice__parameterized0' [/media/lite/DATA/E_Dissertation/HPRTU/projects/eLinuxPrj/Prj/2-4_XADC_MultiChannels_Decimation_DMA/xadc_pynq/xadc_pynq.srcs/sources_1/bd/design_1/ipshared/7efe/hdl/axi_register_slice_v2_1_vl_rfs.v:85]
INFO: [Synth 8-256] done synthesizing module 'axi_register_slice_v2_1_10_axic_register_slice__parameterized0' (14#1) [/media/lite/DATA/E_Dissertation/HPRTU/projects/eLinuxPrj/Prj/2-4_XADC_MultiChannels_Decimation_DMA/xadc_pynq/xadc_pynq.srcs/sources_1/bd/design_1/ipshared/7efe/hdl/axi_register_slice_v2_1_vl_rfs.v:85]
INFO: [Synth 8-638] synthesizing module 'axi_register_slice_v2_1_10_axic_register_slice__parameterized1' [/media/lite/DATA/E_Dissertation/HPRTU/projects/eLinuxPrj/Prj/2-4_XADC_MultiChannels_Decimation_DMA/xadc_pynq/xadc_pynq.srcs/sources_1/bd/design_1/ipshared/7efe/hdl/axi_register_slice_v2_1_vl_rfs.v:85]
INFO: [Synth 8-256] done synthesizing module 'axi_register_slice_v2_1_10_axic_register_slice__parameterized1' (14#1) [/media/lite/DATA/E_Dissertation/HPRTU/projects/eLinuxPrj/Prj/2-4_XADC_MultiChannels_Decimation_DMA/xadc_pynq/xadc_pynq.srcs/sources_1/bd/design_1/ipshared/7efe/hdl/axi_register_slice_v2_1_vl_rfs.v:85]
INFO: [Synth 8-638] synthesizing module 'axi_register_slice_v2_1_10_axic_register_slice__parameterized2' [/media/lite/DATA/E_Dissertation/HPRTU/projects/eLinuxPrj/Prj/2-4_XADC_MultiChannels_Decimation_DMA/xadc_pynq/xadc_pynq.srcs/sources_1/bd/design_1/ipshared/7efe/hdl/axi_register_slice_v2_1_vl_rfs.v:85]
INFO: [Synth 8-256] done synthesizing module 'axi_register_slice_v2_1_10_axic_register_slice__parameterized2' (14#1) [/media/lite/DATA/E_Dissertation/HPRTU/projects/eLinuxPrj/Prj/2-4_XADC_MultiChannels_Decimation_DMA/xadc_pynq/xadc_pynq.srcs/sources_1/bd/design_1/ipshared/7efe/hdl/axi_register_slice_v2_1_vl_rfs.v:85]
INFO: [Synth 8-638] synthesizing module 'axi_infrastructure_v1_1_0_vector2axi' [/media/lite/DATA/E_Dissertation/HPRTU/projects/eLinuxPrj/Prj/2-4_XADC_MultiChannels_Decimation_DMA/xadc_pynq/xadc_pynq.srcs/sources_1/bd/design_1/ipshared/7e3a/hdl/axi_infrastructure_v1_1_vl_rfs.v:474]
INFO: [Synth 8-256] done synthesizing module 'axi_infrastructure_v1_1_0_vector2axi' (15#1) [/media/lite/DATA/E_Dissertation/HPRTU/projects/eLinuxPrj/Prj/2-4_XADC_MultiChannels_Decimation_DMA/xadc_pynq/xadc_pynq.srcs/sources_1/bd/design_1/ipshared/7e3a/hdl/axi_infrastructure_v1_1_vl_rfs.v:474]
INFO: [Synth 8-256] done synthesizing module 'axi_register_slice_v2_1_10_axi_register_slice' (16#1) [/media/lite/DATA/E_Dissertation/HPRTU/projects/eLinuxPrj/Prj/2-4_XADC_MultiChannels_Decimation_DMA/xadc_pynq/xadc_pynq.srcs/sources_1/bd/design_1/ipshared/7efe/hdl/axi_register_slice_v2_1_vl_rfs.v:791]
INFO: [Synth 8-638] synthesizing module 'axi_crossbar_v2_1_11_addr_decoder__parameterized2' [/media/lite/DATA/E_Dissertation/HPRTU/projects/eLinuxPrj/Prj/2-4_XADC_MultiChannels_Decimation_DMA/xadc_pynq/xadc_pynq.srcs/sources_1/bd/design_1/ipshared/d552/hdl/axi_crossbar_v2_1_vl_rfs.v:794]
INFO: [Synth 8-256] done synthesizing module 'axi_crossbar_v2_1_11_addr_decoder__parameterized2' (16#1) [/media/lite/DATA/E_Dissertation/HPRTU/projects/eLinuxPrj/Prj/2-4_XADC_MultiChannels_Decimation_DMA/xadc_pynq/xadc_pynq.srcs/sources_1/bd/design_1/ipshared/d552/hdl/axi_crossbar_v2_1_vl_rfs.v:794]
INFO: [Synth 8-638] synthesizing module 'axi_crossbar_v2_1_11_addr_decoder__parameterized3' [/media/lite/DATA/E_Dissertation/HPRTU/projects/eLinuxPrj/Prj/2-4_XADC_MultiChannels_Decimation_DMA/xadc_pynq/xadc_pynq.srcs/sources_1/bd/design_1/ipshared/d552/hdl/axi_crossbar_v2_1_vl_rfs.v:794]
INFO: [Synth 8-256] done synthesizing module 'axi_crossbar_v2_1_11_addr_decoder__parameterized3' (16#1) [/media/lite/DATA/E_Dissertation/HPRTU/projects/eLinuxPrj/Prj/2-4_XADC_MultiChannels_Decimation_DMA/xadc_pynq/xadc_pynq.srcs/sources_1/bd/design_1/ipshared/d552/hdl/axi_crossbar_v2_1_vl_rfs.v:794]
INFO: [Synth 8-638] synthesizing module 'axi_data_fifo_v2_1_9_axic_srl_fifo__parameterized1' [/media/lite/DATA/E_Dissertation/HPRTU/projects/eLinuxPrj/Prj/2-4_XADC_MultiChannels_Decimation_DMA/xadc_pynq/xadc_pynq.srcs/sources_1/bd/design_1/ipshared/10b8/hdl/axi_data_fifo_v2_1_vl_rfs.v:698]
INFO: [Synth 8-256] done synthesizing module 'axi_data_fifo_v2_1_9_axic_srl_fifo__parameterized1' (16#1) [/media/lite/DATA/E_Dissertation/HPRTU/projects/eLinuxPrj/Prj/2-4_XADC_MultiChannels_Decimation_DMA/xadc_pynq/xadc_pynq.srcs/sources_1/bd/design_1/ipshared/10b8/hdl/axi_data_fifo_v2_1_vl_rfs.v:698]
INFO: [Synth 8-638] synthesizing module 'axi_crossbar_v2_1_11_wdata_mux__parameterized0' [/media/lite/DATA/E_Dissertation/HPRTU/projects/eLinuxPrj/Prj/2-4_XADC_MultiChannels_Decimation_DMA/xadc_pynq/xadc_pynq.srcs/sources_1/bd/design_1/ipshared/d552/hdl/axi_crossbar_v2_1_vl_rfs.v:4559]
INFO: [Synth 8-638] synthesizing module 'axi_data_fifo_v2_1_9_axic_reg_srl_fifo__parameterized1' [/media/lite/DATA/E_Dissertation/HPRTU/projects/eLinuxPrj/Prj/2-4_XADC_MultiChannels_Decimation_DMA/xadc_pynq/xadc_pynq.srcs/sources_1/bd/design_1/ipshared/10b8/hdl/axi_data_fifo_v2_1_vl_rfs.v:889]
INFO: [Synth 8-256] done synthesizing module 'axi_data_fifo_v2_1_9_axic_reg_srl_fifo__parameterized1' (16#1) [/media/lite/DATA/E_Dissertation/HPRTU/projects/eLinuxPrj/Prj/2-4_XADC_MultiChannels_Decimation_DMA/xadc_pynq/xadc_pynq.srcs/sources_1/bd/design_1/ipshared/10b8/hdl/axi_data_fifo_v2_1_vl_rfs.v:889]
INFO: [Synth 8-638] synthesizing module 'generic_baseblocks_v2_1_0_mux_enc__parameterized3' [/media/lite/DATA/E_Dissertation/HPRTU/projects/eLinuxPrj/Prj/2-4_XADC_MultiChannels_Decimation_DMA/xadc_pynq/xadc_pynq.srcs/sources_1/bd/design_1/ipshared/7ee0/hdl/generic_baseblocks_v2_1_vl_rfs.v:2452]
INFO: [Synth 8-256] done synthesizing module 'generic_baseblocks_v2_1_0_mux_enc__parameterized3' (16#1) [/media/lite/DATA/E_Dissertation/HPRTU/projects/eLinuxPrj/Prj/2-4_XADC_MultiChannels_Decimation_DMA/xadc_pynq/xadc_pynq.srcs/sources_1/bd/design_1/ipshared/7ee0/hdl/generic_baseblocks_v2_1_vl_rfs.v:2452]
INFO: [Synth 8-256] done synthesizing module 'axi_crossbar_v2_1_11_wdata_mux__parameterized0' (16#1) [/media/lite/DATA/E_Dissertation/HPRTU/projects/eLinuxPrj/Prj/2-4_XADC_MultiChannels_Decimation_DMA/xadc_pynq/xadc_pynq.srcs/sources_1/bd/design_1/ipshared/d552/hdl/axi_crossbar_v2_1_vl_rfs.v:4559]
INFO: [Synth 8-638] synthesizing module 'axi_crossbar_v2_1_11_decerr_slave' [/media/lite/DATA/E_Dissertation/HPRTU/projects/eLinuxPrj/Prj/2-4_XADC_MultiChannels_Decimation_DMA/xadc_pynq/xadc_pynq.srcs/sources_1/bd/design_1/ipshared/d552/hdl/axi_crossbar_v2_1_vl_rfs.v:3500]
INFO: [Synth 8-256] done synthesizing module 'axi_crossbar_v2_1_11_decerr_slave' (17#1) [/media/lite/DATA/E_Dissertation/HPRTU/projects/eLinuxPrj/Prj/2-4_XADC_MultiChannels_Decimation_DMA/xadc_pynq/xadc_pynq.srcs/sources_1/bd/design_1/ipshared/d552/hdl/axi_crossbar_v2_1_vl_rfs.v:3500]
INFO: [Synth 8-638] synthesizing module 'axi_crossbar_v2_1_11_addr_arbiter' [/media/lite/DATA/E_Dissertation/HPRTU/projects/eLinuxPrj/Prj/2-4_XADC_MultiChannels_Decimation_DMA/xadc_pynq/xadc_pynq.srcs/sources_1/bd/design_1/ipshared/d552/hdl/axi_crossbar_v2_1_vl_rfs.v:423]
INFO: [Synth 8-638] synthesizing module 'generic_baseblocks_v2_1_0_mux_enc__parameterized4' [/media/lite/DATA/E_Dissertation/HPRTU/projects/eLinuxPrj/Prj/2-4_XADC_MultiChannels_Decimation_DMA/xadc_pynq/xadc_pynq.srcs/sources_1/bd/design_1/ipshared/7ee0/hdl/generic_baseblocks_v2_1_vl_rfs.v:2452]
INFO: [Synth 8-256] done synthesizing module 'generic_baseblocks_v2_1_0_mux_enc__parameterized4' (17#1) [/media/lite/DATA/E_Dissertation/HPRTU/projects/eLinuxPrj/Prj/2-4_XADC_MultiChannels_Decimation_DMA/xadc_pynq/xadc_pynq.srcs/sources_1/bd/design_1/ipshared/7ee0/hdl/generic_baseblocks_v2_1_vl_rfs.v:2452]
INFO: [Synth 8-638] synthesizing module 'generic_baseblocks_v2_1_0_mux_enc__parameterized5' [/media/lite/DATA/E_Dissertation/HPRTU/projects/eLinuxPrj/Prj/2-4_XADC_MultiChannels_Decimation_DMA/xadc_pynq/xadc_pynq.srcs/sources_1/bd/design_1/ipshared/7ee0/hdl/generic_baseblocks_v2_1_vl_rfs.v:2452]
INFO: [Synth 8-256] done synthesizing module 'generic_baseblocks_v2_1_0_mux_enc__parameterized5' (17#1) [/media/lite/DATA/E_Dissertation/HPRTU/projects/eLinuxPrj/Prj/2-4_XADC_MultiChannels_Decimation_DMA/xadc_pynq/xadc_pynq.srcs/sources_1/bd/design_1/ipshared/7ee0/hdl/generic_baseblocks_v2_1_vl_rfs.v:2452]
INFO: [Synth 8-256] done synthesizing module 'axi_crossbar_v2_1_11_addr_arbiter' (18#1) [/media/lite/DATA/E_Dissertation/HPRTU/projects/eLinuxPrj/Prj/2-4_XADC_MultiChannels_Decimation_DMA/xadc_pynq/xadc_pynq.srcs/sources_1/bd/design_1/ipshared/d552/hdl/axi_crossbar_v2_1_vl_rfs.v:423]
INFO: [Synth 8-256] done synthesizing module 'axi_crossbar_v2_1_11_crossbar' (19#1) [/media/lite/DATA/E_Dissertation/HPRTU/projects/eLinuxPrj/Prj/2-4_XADC_MultiChannels_Decimation_DMA/xadc_pynq/xadc_pynq.srcs/sources_1/bd/design_1/ipshared/d552/hdl/axi_crossbar_v2_1_vl_rfs.v:2239]
INFO: [Synth 8-256] done synthesizing module 'axi_crossbar_v2_1_11_axi_crossbar' (20#1) [/media/lite/DATA/E_Dissertation/HPRTU/projects/eLinuxPrj/Prj/2-4_XADC_MultiChannels_Decimation_DMA/xadc_pynq/xadc_pynq.srcs/sources_1/bd/design_1/ipshared/d552/hdl/axi_crossbar_v2_1_vl_rfs.v:4882]
INFO: [Synth 8-256] done synthesizing module 'design_1_xbar_1' (21#1) [/media/lite/DATA/E_Dissertation/HPRTU/projects/eLinuxPrj/Prj/2-4_XADC_MultiChannels_Decimation_DMA/xadc_pynq/xadc_pynq.srcs/sources_1/bd/design_1/ip/design_1_xbar_1/synth/design_1_xbar_1.v:59]
Finished RTL Elaboration : Time (s): cpu = 00:00:20 ; elapsed = 00:00:21 . Memory (MB): peak = 1241.309 ; gain = 328.770 ; free physical = 449 ; free virtual = 9130
Finished RTL Optimization Phase 1 : Time (s): cpu = 00:00:20 ; elapsed = 00:00:21 . Memory (MB): peak = 1241.309 ; gain = 328.770 ; free physical = 438 ; free virtual = 9120
INFO: [Device 21-403] Loading part xc7z020clg400-1
Constraint Validation Runtime : Time (s): cpu = 00:00:00.12 ; elapsed = 00:00:00.10 . Memory (MB): peak = 1549.145 ; gain = 0.000 ; free physical = 138 ; free virtual = 8763
Finished Constraint Validation : Time (s): cpu = 00:00:37 ; elapsed = 00:00:38 . Memory (MB): peak = 1549.145 ; gain = 636.605 ; free physical = 127 ; free virtual = 8709
Finished Loading Part and Timing Information : Time (s): cpu = 00:00:37 ; elapsed = 00:00:38 . Memory (MB): peak = 1549.145 ; gain = 636.605 ; free physical = 127 ; free virtual = 8709
Finished applying 'set_property' XDC Constraints : Time (s): cpu = 00:00:37 ; elapsed = 00:00:38 . Memory (MB): peak = 1549.145 ; gain = 636.605 ; free physical = 127 ; free virtual = 8709
Finished RTL Optimization Phase 2 : Time (s): cpu = 00:00:38 ; elapsed = 00:00:39 . Memory (MB): peak = 1549.145 ; gain = 636.605 ; free physical = 136 ; free virtual = 8694
Finished Cross Boundary and Area Optimization : Time (s): cpu = 00:00:40 ; elapsed = 00:00:42 . Memory (MB): peak = 1549.145 ; gain = 636.605 ; free physical = 135 ; free virtual = 8667
Finished Applying XDC Timing Constraints : Time (s): cpu = 00:00:52 ; elapsed = 00:00:53 . Memory (MB): peak = 1549.145 ; gain = 636.605 ; free physical = 677 ; free virtual = 9139
Finished Timing Optimization : Time (s): cpu = 00:00:53 ; elapsed = 00:00:55 . Memory (MB): peak = 1549.145 ; gain = 636.605 ; free physical = 644 ; free virtual = 9107
Finished Technology Mapping : Time (s): cpu = 00:00:54 ; elapsed = 00:00:55 . Memory (MB): peak = 1549.145 ; gain = 636.605 ; free physical = 632 ; free virtual = 9094
Finished IO Insertion : Time (s): cpu = 00:00:54 ; elapsed = 00:00:56 . Memory (MB): peak = 1549.145 ; gain = 636.605 ; free physical = 629 ; free virtual = 9092
Finished Renaming Generated Instances : Time (s): cpu = 00:00:54 ; elapsed = 00:00:56 . Memory (MB): peak = 1549.145 ; gain = 636.605 ; free physical = 629 ; free virtual = 9092
Finished Rebuilding User Hierarchy : Time (s): cpu = 00:00:55 ; elapsed = 00:00:56 . Memory (MB): peak = 1549.145 ; gain = 636.605 ; free physical = 628 ; free virtual = 9091
Finished Renaming Generated Ports : Time (s): cpu = 00:00:55 ; elapsed = 00:00:56 . Memory (MB): peak = 1549.145 ; gain = 636.605 ; free physical = 627 ; free virtual = 9090
Finished Handling Custom Attributes : Time (s): cpu = 00:00:55 ; elapsed = 00:00:56 . Memory (MB): peak = 1549.145 ; gain = 636.605 ; free physical = 622 ; free virtual = 9085
Finished Renaming Generated Nets : Time (s): cpu = 00:00:55 ; elapsed = 00:00:56 . Memory (MB): peak = 1549.145 ; gain = 636.605 ; free physical = 622 ; free virtual = 9085

Report Cell Usage: 
+------+--------+------+
|      |Cell    |Count |
+------+--------+------+
|1     |LUT1    |     7|
|2     |LUT2    |    49|
|3     |LUT3    |   170|
|4     |LUT4    |    38|
|5     |LUT5    |    60|
|6     |LUT6    |    82|
|7     |SRLC32E |     4|
|8     |FDRE    |   294|
|9     |FDSE    |    15|
+------+--------+------+
Finished Writing Synthesis Report : Time (s): cpu = 00:00:55 ; elapsed = 00:00:56 . Memory (MB): peak = 1549.145 ; gain = 636.605 ; free physical = 622 ; free virtual = 9085
synth_design: Time (s): cpu = 00:00:51 ; elapsed = 00:00:51 . Memory (MB): peak = 1558.152 ; gain = 532.895 ; free physical = 591 ; free virtual = 9054
