
*** Running vivado
    with args -log design_1_axis_data_fifo_0_1.vds -m64 -product Vivado -mode batch -messageDb vivado.pb -notrace -source design_1_axis_data_fifo_0_1.tcl


****** Vivado v2016.3 (64-bit)
  **** SW Build 1682563 on Mon Oct 10 19:07:26 MDT 2016
  **** IP Build 1681267 on Mon Oct 10 21:28:31 MDT 2016
    ** Copyright 1986-2016 Xilinx, Inc. All Rights Reserved.

source design_1_axis_data_fifo_0_1.tcl -notrace
Starting RTL Elaboration : Time (s): cpu = 00:00:08 ; elapsed = 00:00:10 . Memory (MB): peak = 1103.836 ; gain = 191.301 ; free physical = 1810 ; free virtual = 12262
INFO: [Synth 8-638] synthesizing module 'design_1_axis_data_fifo_0_1' [/media/lite/DATA/E_Dissertation/HPRTU/projects/eLinuxPrj/Prj/2-4_XADC_MultiChannels_Decimation_DMA/xadc_pynq/xadc_pynq.srcs/sources_1/bd/design_1/ip/design_1_axis_data_fifo_0_1/synth/design_1_axis_data_fifo_0_1.v:57]
INFO: [Synth 8-638] synthesizing module 'axis_data_fifo_v1_1_11_axis_data_fifo' [/media/lite/DATA/E_Dissertation/HPRTU/projects/eLinuxPrj/Prj/2-4_XADC_MultiChannels_Decimation_DMA/xadc_pynq/xadc_pynq.srcs/sources_1/bd/design_1/ipshared/a2f8/hdl/axis_data_fifo_v1_1_vl_rfs.v:62]
INFO: [Synth 8-638] synthesizing module 'axis_infrastructure_v1_1_0_util_aclken_converter_wrapper' [/media/lite/DATA/E_Dissertation/HPRTU/projects/eLinuxPrj/Prj/2-4_XADC_MultiChannels_Decimation_DMA/xadc_pynq/xadc_pynq.srcs/sources_1/bd/design_1/ipshared/fe67/hdl/axis_infrastructure_v1_1_vl_rfs.v:600]
INFO: [Synth 8-638] synthesizing module 'axis_infrastructure_v1_1_0_util_axis2vector' [/media/lite/DATA/E_Dissertation/HPRTU/projects/eLinuxPrj/Prj/2-4_XADC_MultiChannels_Decimation_DMA/xadc_pynq/xadc_pynq.srcs/sources_1/bd/design_1/ipshared/fe67/hdl/axis_infrastructure_v1_1_vl_rfs.v:810]
INFO: [Synth 8-256] done synthesizing module 'axis_infrastructure_v1_1_0_util_axis2vector' (1#1) [/media/lite/DATA/E_Dissertation/HPRTU/projects/eLinuxPrj/Prj/2-4_XADC_MultiChannels_Decimation_DMA/xadc_pynq/xadc_pynq.srcs/sources_1/bd/design_1/ipshared/fe67/hdl/axis_infrastructure_v1_1_vl_rfs.v:810]
INFO: [Synth 8-638] synthesizing module 'axis_infrastructure_v1_1_0_util_vector2axis' [/media/lite/DATA/E_Dissertation/HPRTU/projects/eLinuxPrj/Prj/2-4_XADC_MultiChannels_Decimation_DMA/xadc_pynq/xadc_pynq.srcs/sources_1/bd/design_1/ipshared/fe67/hdl/axis_infrastructure_v1_1_vl_rfs.v:992]
INFO: [Synth 8-256] done synthesizing module 'axis_infrastructure_v1_1_0_util_vector2axis' (2#1) [/media/lite/DATA/E_Dissertation/HPRTU/projects/eLinuxPrj/Prj/2-4_XADC_MultiChannels_Decimation_DMA/xadc_pynq/xadc_pynq.srcs/sources_1/bd/design_1/ipshared/fe67/hdl/axis_infrastructure_v1_1_vl_rfs.v:992]
INFO: [Synth 8-256] done synthesizing module 'axis_infrastructure_v1_1_0_util_aclken_converter_wrapper' (3#1) [/media/lite/DATA/E_Dissertation/HPRTU/projects/eLinuxPrj/Prj/2-4_XADC_MultiChannels_Decimation_DMA/xadc_pynq/xadc_pynq.srcs/sources_1/bd/design_1/ipshared/fe67/hdl/axis_infrastructure_v1_1_vl_rfs.v:600]
INFO: [Synth 8-256] done synthesizing module 'axis_data_fifo_v1_1_11_axis_data_fifo' (31#1) [/media/lite/DATA/E_Dissertation/HPRTU/projects/eLinuxPrj/Prj/2-4_XADC_MultiChannels_Decimation_DMA/xadc_pynq/xadc_pynq.srcs/sources_1/bd/design_1/ipshared/a2f8/hdl/axis_data_fifo_v1_1_vl_rfs.v:62]
INFO: [Synth 8-256] done synthesizing module 'design_1_axis_data_fifo_0_1' (32#1) [/media/lite/DATA/E_Dissertation/HPRTU/projects/eLinuxPrj/Prj/2-4_XADC_MultiChannels_Decimation_DMA/xadc_pynq/xadc_pynq.srcs/sources_1/bd/design_1/ip/design_1_axis_data_fifo_0_1/synth/design_1_axis_data_fifo_0_1.v:57]
Finished RTL Elaboration : Time (s): cpu = 00:00:59 ; elapsed = 00:01:02 . Memory (MB): peak = 1317.977 ; gain = 405.441 ; free physical = 161 ; free virtual = 10660
Finished RTL Optimization Phase 1 : Time (s): cpu = 00:00:59 ; elapsed = 00:01:03 . Memory (MB): peak = 1317.977 ; gain = 405.441 ; free physical = 160 ; free virtual = 10660
INFO: [Device 21-403] Loading part xc7z020clg400-1
Constraint Validation Runtime : Time (s): cpu = 00:00:00.10 ; elapsed = 00:00:00.11 . Memory (MB): peak = 1500.812 ; gain = 1.000 ; free physical = 1398 ; free virtual = 12088
Finished Constraint Validation : Time (s): cpu = 00:01:13 ; elapsed = 00:01:17 . Memory (MB): peak = 1500.812 ; gain = 588.277 ; free physical = 1382 ; free virtual = 12038
Finished Loading Part and Timing Information : Time (s): cpu = 00:01:13 ; elapsed = 00:01:17 . Memory (MB): peak = 1500.812 ; gain = 588.277 ; free physical = 1382 ; free virtual = 12038
Finished applying 'set_property' XDC Constraints : Time (s): cpu = 00:01:13 ; elapsed = 00:01:17 . Memory (MB): peak = 1500.812 ; gain = 588.277 ; free physical = 1378 ; free virtual = 12034
Finished RTL Optimization Phase 2 : Time (s): cpu = 00:01:14 ; elapsed = 00:01:17 . Memory (MB): peak = 1500.812 ; gain = 588.277 ; free physical = 1239 ; free virtual = 11895
Finished Cross Boundary and Area Optimization : Time (s): cpu = 00:01:14 ; elapsed = 00:01:18 . Memory (MB): peak = 1500.812 ; gain = 588.277 ; free physical = 1209 ; free virtual = 11860
Finished Applying XDC Timing Constraints : Time (s): cpu = 00:01:23 ; elapsed = 00:01:27 . Memory (MB): peak = 1500.812 ; gain = 588.277 ; free physical = 1014 ; free virtual = 11722
Finished Timing Optimization : Time (s): cpu = 00:01:23 ; elapsed = 00:01:27 . Memory (MB): peak = 1500.812 ; gain = 588.277 ; free physical = 1041 ; free virtual = 11721
Finished Technology Mapping : Time (s): cpu = 00:01:23 ; elapsed = 00:01:27 . Memory (MB): peak = 1500.812 ; gain = 588.277 ; free physical = 1023 ; free virtual = 11703
Finished IO Insertion : Time (s): cpu = 00:01:24 ; elapsed = 00:01:27 . Memory (MB): peak = 1500.812 ; gain = 588.277 ; free physical = 1016 ; free virtual = 11698
Finished Renaming Generated Instances : Time (s): cpu = 00:01:24 ; elapsed = 00:01:27 . Memory (MB): peak = 1500.812 ; gain = 588.277 ; free physical = 1016 ; free virtual = 11698
Finished Rebuilding User Hierarchy : Time (s): cpu = 00:01:24 ; elapsed = 00:01:28 . Memory (MB): peak = 1500.812 ; gain = 588.277 ; free physical = 1015 ; free virtual = 11697
Finished Renaming Generated Ports : Time (s): cpu = 00:01:24 ; elapsed = 00:01:28 . Memory (MB): peak = 1500.812 ; gain = 588.277 ; free physical = 1015 ; free virtual = 11697
Finished Handling Custom Attributes : Time (s): cpu = 00:01:24 ; elapsed = 00:01:28 . Memory (MB): peak = 1500.812 ; gain = 588.277 ; free physical = 1014 ; free virtual = 11696
Finished Renaming Generated Nets : Time (s): cpu = 00:01:24 ; elapsed = 00:01:28 . Memory (MB): peak = 1500.812 ; gain = 588.277 ; free physical = 1014 ; free virtual = 11696

Report Cell Usage: 
+------+---------+------+
|      |Cell     |Count |
+------+---------+------+
|1     |CARRY4   |     2|
|2     |LUT1     |     9|
|3     |LUT2     |    13|
|4     |LUT3     |     7|
|5     |LUT4     |    16|
|6     |LUT5     |     5|
|7     |LUT6     |     7|
|8     |RAMB18E1 |     1|
|9     |FDCE     |     8|
|10    |FDPE     |    21|
|11    |FDRE     |    59|
|12    |FDSE     |     5|
+------+---------+------+
Finished Writing Synthesis Report : Time (s): cpu = 00:01:24 ; elapsed = 00:01:28 . Memory (MB): peak = 1500.812 ; gain = 588.277 ; free physical = 1012 ; free virtual = 11696
synth_design: Time (s): cpu = 00:01:22 ; elapsed = 00:01:25 . Memory (MB): peak = 1518.828 ; gain = 499.574 ; free physical = 976 ; free virtual = 11658
